{"C:\\Users\\william\\Desktop\\M2\\Event driven programming\\Project\\caudio\\server\\App.js": {"path":"C:\\Users\\william\\Desktop\\M2\\Event driven programming\\Project\\caudio\\server\\App.js","statementMap":{"0":{"start":{"line":1,"column":16},"end":{"line":1,"column":34}},"1":{"start":{"line":2,"column":13},"end":{"line":2,"column":28}},"2":{"start":{"line":3,"column":19},"end":{"line":3,"column":41}},"3":{"start":{"line":4,"column":12},"end":{"line":4,"column":21}},"4":{"start":{"line":6,"column":18},"end":{"line":6,"column":47}},"5":{"start":{"line":7,"column":13},"end":{"line":7,"column":28}},"6":{"start":{"line":8,"column":25},"end":{"line":8,"column":65}},"7":{"start":{"line":10,"column":0},"end":{"line":10,"column":15}},"8":{"start":{"line":11,"column":0},"end":{"line":11,"column":42}},"9":{"start":{"line":12,"column":0},"end":{"line":12,"column":64}},"10":{"start":{"line":14,"column":18},"end":{"line":14,"column":53}},"11":{"start":{"line":15,"column":0},"end":{"line":15,"column":34}},"12":{"start":{"line":17,"column":0},"end":{"line":17,"column":27}},"13":{"start":{"line":20,"column":0},"end":{"line":20,"column":21}},"14":{"start":{"line":22,"column":0},"end":{"line":22,"column":20}}},"fnMap":{},"branchMap":{},"s":{"0":2,"1":2,"2":2,"3":2,"4":2,"5":2,"6":2,"7":2,"8":2,"9":2,"10":2,"11":2,"12":2,"13":2,"14":2},"f":{},"b":{},"_coverageSchema":"1a1c01bbd47fc00a2c39e90264f33305004495a9","hash":"76562036cef2ae8177a7d0406d72b71a9f260afa"}
,"C:\\Users\\william\\Desktop\\M2\\Event driven programming\\Project\\caudio\\server\\config.js": {"path":"C:\\Users\\william\\Desktop\\M2\\Event driven programming\\Project\\caudio\\server\\config.js","statementMap":{"0":{"start":{"line":1,"column":0},"end":{"line":1,"column":26}},"1":{"start":{"line":2,"column":0},"end":{"line":11,"column":1}}},"fnMap":{},"branchMap":{},"s":{"0":2,"1":2},"f":{},"b":{},"_coverageSchema":"1a1c01bbd47fc00a2c39e90264f33305004495a9","hash":"49fe231dcebe78a6eb3598f32eef65c4d8975153"}
,"C:\\Users\\william\\Desktop\\M2\\Event driven programming\\Project\\caudio\\server\\db.js": {"path":"C:\\Users\\william\\Desktop\\M2\\Event driven programming\\Project\\caudio\\server\\db.js","statementMap":{"0":{"start":{"line":1,"column":15},"end":{"line":1,"column":34}},"1":{"start":{"line":3,"column":18},"end":{"line":3,"column":38}},"2":{"start":{"line":4,"column":16},"end":{"line":12,"column":2}},"3":{"start":{"line":14,"column":0},"end":{"line":14,"column":26}}},"fnMap":{},"branchMap":{},"s":{"0":2,"1":2,"2":2,"3":2},"f":{},"b":{},"_coverageSchema":"1a1c01bbd47fc00a2c39e90264f33305004495a9","hash":"8ba041ac932d521c13a4f2ab486ab936005eadba"}
,"C:\\Users\\william\\Desktop\\M2\\Event driven programming\\Project\\caudio\\server\\test.config.js": {"path":"C:\\Users\\william\\Desktop\\M2\\Event driven programming\\Project\\caudio\\server\\test.config.js","statementMap":{"0":{"start":{"line":1,"column":19},"end":{"line":1,"column":32}},"1":{"start":{"line":2,"column":12},"end":{"line":2,"column":28}},"2":{"start":{"line":3,"column":18},"end":{"line":3,"column":38}},"3":{"start":{"line":4,"column":16},"end":{"line":4,"column":30}},"4":{"start":{"line":6,"column":15},"end":{"line":12,"column":2}},"5":{"start":{"line":14,"column":0},"end":{"line":17,"column":1}}},"fnMap":{},"branchMap":{},"s":{"0":2,"1":2,"2":2,"3":2,"4":2,"5":2},"f":{},"b":{},"_coverageSchema":"1a1c01bbd47fc00a2c39e90264f33305004495a9","hash":"aea5227ca5e83c2566aaefe149c6e3482ae1d2e6"}
,"C:\\Users\\william\\Desktop\\M2\\Event driven programming\\Project\\caudio\\server\\controllers\\auth.js": {"path":"C:\\Users\\william\\Desktop\\M2\\Event driven programming\\Project\\caudio\\server\\controllers\\auth.js","statementMap":{"0":{"start":{"line":1,"column":15},"end":{"line":1,"column":35}},"1":{"start":{"line":2,"column":12},"end":{"line":2,"column":35}},"2":{"start":{"line":3,"column":15},"end":{"line":3,"column":32}},"3":{"start":{"line":5,"column":20},"end":{"line":5,"column":47}},"4":{"start":{"line":6,"column":20},"end":{"line":6,"column":47}},"5":{"start":{"line":7,"column":37},"end":{"line":7,"column":73}},"6":{"start":{"line":9,"column":26},"end":{"line":9,"column":76}},"7":{"start":{"line":19,"column":30},"end":{"line":19,"column":38}},"8":{"start":{"line":21,"column":2},"end":{"line":22,"column":58}},"9":{"start":{"line":22,"column":4},"end":{"line":22,"column":58}},"10":{"start":{"line":23,"column":2},"end":{"line":36,"column":6}},"11":{"start":{"line":26,"column":6},"end":{"line":29,"column":8}},"12":{"start":{"line":32,"column":6},"end":{"line":35,"column":8}},"13":{"start":{"line":47,"column":30},"end":{"line":47,"column":38}},"14":{"start":{"line":48,"column":2},"end":{"line":49,"column":58}},"15":{"start":{"line":49,"column":4},"end":{"line":49,"column":58}},"16":{"start":{"line":50,"column":2},"end":{"line":82,"column":6}},"17":{"start":{"line":53,"column":6},"end":{"line":59,"column":7}},"18":{"start":{"line":54,"column":8},"end":{"line":58,"column":10}},"19":{"start":{"line":61,"column":6},"end":{"line":67,"column":7}},"20":{"start":{"line":62,"column":8},"end":{"line":66,"column":10}},"21":{"start":{"line":69,"column":17},"end":{"line":72,"column":7}},"22":{"start":{"line":73,"column":6},"end":{"line":78,"column":10}},"23":{"start":{"line":75,"column":20},"end":{"line":75,"column":47}},"24":{"start":{"line":77,"column":10},"end":{"line":77,"column":50}},"25":{"start":{"line":81,"column":6},"end":{"line":81,"column":46}},"26":{"start":{"line":88,"column":0},"end":{"line":91,"column":1}}},"fnMap":{"0":{"name":"login","decl":{"start":{"line":18,"column":9},"end":{"line":18,"column":14}},"loc":{"start":{"line":18,"column":31},"end":{"line":37,"column":1}},"line":18},"1":{"name":"(anonymous_1)","decl":{"start":{"line":25,"column":10},"end":{"line":25,"column":11}},"loc":{"start":{"line":25,"column":29},"end":{"line":30,"column":5}},"line":25},"2":{"name":"(anonymous_2)","decl":{"start":{"line":31,"column":11},"end":{"line":31,"column":12}},"loc":{"start":{"line":31,"column":20},"end":{"line":36,"column":5}},"line":31},"3":{"name":"register","decl":{"start":{"line":46,"column":9},"end":{"line":46,"column":17}},"loc":{"start":{"line":46,"column":34},"end":{"line":83,"column":1}},"line":46},"4":{"name":"(anonymous_4)","decl":{"start":{"line":52,"column":10},"end":{"line":52,"column":11}},"loc":{"start":{"line":52,"column":22},"end":{"line":79,"column":5}},"line":52},"5":{"name":"(anonymous_5)","decl":{"start":{"line":75,"column":14},"end":{"line":75,"column":15}},"loc":{"start":{"line":75,"column":20},"end":{"line":75,"column":47}},"line":75},"6":{"name":"(anonymous_6)","decl":{"start":{"line":76,"column":15},"end":{"line":76,"column":16}},"loc":{"start":{"line":76,"column":24},"end":{"line":78,"column":9}},"line":76},"7":{"name":"(anonymous_7)","decl":{"start":{"line":80,"column":11},"end":{"line":80,"column":12}},"loc":{"start":{"line":80,"column":20},"end":{"line":82,"column":5}},"line":80}},"branchMap":{"0":{"loc":{"start":{"line":21,"column":2},"end":{"line":22,"column":58}},"type":"if","locations":[{"start":{"line":21,"column":2},"end":{"line":22,"column":58}},{"start":{"line":21,"column":2},"end":{"line":22,"column":58}}],"line":21},"1":{"loc":{"start":{"line":21,"column":6},"end":{"line":21,"column":38}},"type":"binary-expr","locations":[{"start":{"line":21,"column":6},"end":{"line":21,"column":15}},{"start":{"line":21,"column":19},"end":{"line":21,"column":25}},{"start":{"line":21,"column":29},"end":{"line":21,"column":38}}],"line":21},"2":{"loc":{"start":{"line":48,"column":2},"end":{"line":49,"column":58}},"type":"if","locations":[{"start":{"line":48,"column":2},"end":{"line":49,"column":58}},{"start":{"line":48,"column":2},"end":{"line":49,"column":58}}],"line":48},"3":{"loc":{"start":{"line":48,"column":6},"end":{"line":48,"column":38}},"type":"binary-expr","locations":[{"start":{"line":48,"column":6},"end":{"line":48,"column":15}},{"start":{"line":48,"column":19},"end":{"line":48,"column":25}},{"start":{"line":48,"column":29},"end":{"line":48,"column":38}}],"line":48},"4":{"loc":{"start":{"line":53,"column":6},"end":{"line":59,"column":7}},"type":"if","locations":[{"start":{"line":53,"column":6},"end":{"line":59,"column":7}},{"start":{"line":53,"column":6},"end":{"line":59,"column":7}}],"line":53},"5":{"loc":{"start":{"line":61,"column":6},"end":{"line":67,"column":7}},"type":"if","locations":[{"start":{"line":61,"column":6},"end":{"line":67,"column":7}},{"start":{"line":61,"column":6},"end":{"line":67,"column":7}}],"line":61}},"s":{"0":2,"1":2,"2":2,"3":2,"4":2,"5":2,"6":2,"7":6,"8":6,"9":3,"10":3,"11":0,"12":3,"13":5,"14":5,"15":1,"16":4,"17":0,"18":0,"19":0,"20":0,"21":0,"22":0,"23":0,"24":0,"25":4,"26":2},"f":{"0":6,"1":0,"2":3,"3":5,"4":0,"5":0,"6":0,"7":4},"b":{"0":[3,3],"1":[6,6,3],"2":[1,4],"3":[5,5,4],"4":[0,0],"5":[0,0]},"_coverageSchema":"1a1c01bbd47fc00a2c39e90264f33305004495a9","hash":"362571e76ce55b3a5dc6d20b797e3abe359bf12d"}
,"C:\\Users\\william\\Desktop\\M2\\Event driven programming\\Project\\caudio\\server\\controllers\\library.js": {"path":"C:\\Users\\william\\Desktop\\M2\\Event driven programming\\Project\\caudio\\server\\controllers\\library.js","statementMap":{"0":{"start":{"line":1,"column":23},"end":{"line":1,"column":53}},"1":{"start":{"line":2,"column":35},"end":{"line":2,"column":71}},"2":{"start":{"line":12,"column":2},"end":{"line":15,"column":61}},"3":{"start":{"line":14,"column":20},"end":{"line":14,"column":34}},"4":{"start":{"line":15,"column":20},"end":{"line":15,"column":60}},"5":{"start":{"line":26,"column":2},"end":{"line":32,"column":61}},"6":{"start":{"line":31,"column":20},"end":{"line":31,"column":34}},"7":{"start":{"line":32,"column":20},"end":{"line":32,"column":60}},"8":{"start":{"line":34,"column":0},"end":{"line":37,"column":1}}},"fnMap":{"0":{"name":"getLibraries","decl":{"start":{"line":11,"column":9},"end":{"line":11,"column":21}},"loc":{"start":{"line":11,"column":38},"end":{"line":16,"column":1}},"line":11},"1":{"name":"(anonymous_1)","decl":{"start":{"line":14,"column":10},"end":{"line":14,"column":11}},"loc":{"start":{"line":14,"column":20},"end":{"line":14,"column":34}},"line":14},"2":{"name":"(anonymous_2)","decl":{"start":{"line":15,"column":11},"end":{"line":15,"column":12}},"loc":{"start":{"line":15,"column":20},"end":{"line":15,"column":60}},"line":15},"3":{"name":"addLibrary","decl":{"start":{"line":25,"column":9},"end":{"line":25,"column":19}},"loc":{"start":{"line":25,"column":36},"end":{"line":33,"column":1}},"line":25},"4":{"name":"(anonymous_4)","decl":{"start":{"line":31,"column":10},"end":{"line":31,"column":11}},"loc":{"start":{"line":31,"column":20},"end":{"line":31,"column":34}},"line":31},"5":{"name":"(anonymous_5)","decl":{"start":{"line":32,"column":11},"end":{"line":32,"column":12}},"loc":{"start":{"line":32,"column":20},"end":{"line":32,"column":60}},"line":32}},"branchMap":{},"s":{"0":2,"1":2,"2":0,"3":0,"4":0,"5":0,"6":0,"7":0,"8":2},"f":{"0":0,"1":0,"2":0,"3":0,"4":0,"5":0},"b":{},"_coverageSchema":"1a1c01bbd47fc00a2c39e90264f33305004495a9","hash":"f0b4336cc5871eec6cf13f3b1a5b60f6b5f670fa"}
,"C:\\Users\\william\\Desktop\\M2\\Event driven programming\\Project\\caudio\\server\\controllers\\music.js": {"path":"C:\\Users\\william\\Desktop\\M2\\Event driven programming\\Project\\caudio\\server\\controllers\\music.js","statementMap":{"0":{"start":{"line":1,"column":21},"end":{"line":1,"column":49}},"1":{"start":{"line":2,"column":23},"end":{"line":2,"column":53}},"2":{"start":{"line":3,"column":22},"end":{"line":3,"column":51}},"3":{"start":{"line":4,"column":47},"end":{"line":4,"column":83}},"4":{"start":{"line":9,"column":4},"end":{"line":9,"column":42}},"5":{"start":{"line":30,"column":6},"end":{"line":30,"column":14}},"6":{"start":{"line":32,"column":20},"end":{"line":32,"column":47}},"7":{"start":{"line":34,"column":14},"end":{"line":47,"column":3}},"8":{"start":{"line":49,"column":20},"end":{"line":49,"column":22}},"9":{"start":{"line":50,"column":2},"end":{"line":66,"column":3}},"10":{"start":{"line":51,"column":17},"end":{"line":54,"column":6}},"11":{"start":{"line":56,"column":22},"end":{"line":56,"column":29}},"12":{"start":{"line":57,"column":24},"end":{"line":57,"column":31}},"13":{"start":{"line":59,"column":4},"end":{"line":61,"column":7}},"14":{"start":{"line":60,"column":6},"end":{"line":60,"column":80}},"15":{"start":{"line":62,"column":4},"end":{"line":63,"column":55}},"16":{"start":{"line":63,"column":17},"end":{"line":63,"column":53}},"17":{"start":{"line":65,"column":4},"end":{"line":65,"column":44}},"18":{"start":{"line":77,"column":21},"end":{"line":77,"column":23}},"19":{"start":{"line":78,"column":17},"end":{"line":78,"column":76}},"20":{"start":{"line":79,"column":2},"end":{"line":81,"column":4}},"21":{"start":{"line":80,"column":4},"end":{"line":80,"column":38}},"22":{"start":{"line":82,"column":2},"end":{"line":86,"column":59}},"23":{"start":{"line":86,"column":18},"end":{"line":86,"column":58}},"24":{"start":{"line":97,"column":14},"end":{"line":106,"column":3}},"25":{"start":{"line":107,"column":2},"end":{"line":113,"column":3}},"26":{"start":{"line":108,"column":16},"end":{"line":108,"column":30}},"27":{"start":{"line":110,"column":4},"end":{"line":110,"column":20}},"28":{"start":{"line":111,"column":4},"end":{"line":111,"column":44}},"29":{"start":{"line":135,"column":21},"end":{"line":140,"column":3}},"30":{"start":{"line":141,"column":2},"end":{"line":146,"column":61}},"31":{"start":{"line":144,"column":6},"end":{"line":144,"column":71}},"32":{"start":{"line":144,"column":21},"end":{"line":144,"column":71}},"33":{"start":{"line":146,"column":20},"end":{"line":146,"column":60}},"34":{"start":{"line":147,"column":2},"end":{"line":150,"column":61}},"35":{"start":{"line":149,"column":20},"end":{"line":149,"column":34}},"36":{"start":{"line":150,"column":20},"end":{"line":150,"column":60}},"37":{"start":{"line":161,"column":21},"end":{"line":166,"column":3}},"38":{"start":{"line":167,"column":2},"end":{"line":172,"column":61}},"39":{"start":{"line":170,"column":6},"end":{"line":170,"column":71}},"40":{"start":{"line":170,"column":21},"end":{"line":170,"column":71}},"41":{"start":{"line":172,"column":20},"end":{"line":172,"column":60}},"42":{"start":{"line":173,"column":2},"end":{"line":176,"column":61}},"43":{"start":{"line":175,"column":20},"end":{"line":175,"column":34}},"44":{"start":{"line":176,"column":20},"end":{"line":176,"column":60}},"45":{"start":{"line":187,"column":2},"end":{"line":195,"column":61}},"46":{"start":{"line":190,"column":6},"end":{"line":192,"column":7}},"47":{"start":{"line":191,"column":8},"end":{"line":191,"column":71}},"48":{"start":{"line":193,"column":6},"end":{"line":193,"column":28}},"49":{"start":{"line":195,"column":20},"end":{"line":195,"column":60}},"50":{"start":{"line":206,"column":25},"end":{"line":206,"column":34}},"51":{"start":{"line":207,"column":28},"end":{"line":207,"column":53}},"52":{"start":{"line":208,"column":2},"end":{"line":214,"column":61}},"53":{"start":{"line":211,"column":23},"end":{"line":211,"column":59}},"54":{"start":{"line":212,"column":6},"end":{"line":212,"column":24}},"55":{"start":{"line":214,"column":20},"end":{"line":214,"column":60}},"56":{"start":{"line":225,"column":25},"end":{"line":225,"column":34}},"57":{"start":{"line":226,"column":28},"end":{"line":226,"column":53}},"58":{"start":{"line":227,"column":2},"end":{"line":233,"column":61}},"59":{"start":{"line":230,"column":23},"end":{"line":230,"column":59}},"60":{"start":{"line":231,"column":6},"end":{"line":231,"column":24}},"61":{"start":{"line":233,"column":20},"end":{"line":233,"column":60}},"62":{"start":{"line":244,"column":25},"end":{"line":244,"column":34}},"63":{"start":{"line":245,"column":28},"end":{"line":245,"column":53}},"64":{"start":{"line":246,"column":2},"end":{"line":252,"column":61}},"65":{"start":{"line":249,"column":23},"end":{"line":249,"column":59}},"66":{"start":{"line":250,"column":6},"end":{"line":250,"column":24}},"67":{"start":{"line":252,"column":20},"end":{"line":252,"column":60}},"68":{"start":{"line":263,"column":25},"end":{"line":263,"column":34}},"69":{"start":{"line":264,"column":28},"end":{"line":264,"column":53}},"70":{"start":{"line":265,"column":2},"end":{"line":271,"column":61}},"71":{"start":{"line":268,"column":23},"end":{"line":268,"column":59}},"72":{"start":{"line":269,"column":6},"end":{"line":269,"column":24}},"73":{"start":{"line":271,"column":20},"end":{"line":271,"column":60}},"74":{"start":{"line":282,"column":25},"end":{"line":282,"column":34}},"75":{"start":{"line":283,"column":28},"end":{"line":283,"column":53}},"76":{"start":{"line":285,"column":2},"end":{"line":290,"column":59}},"77":{"start":{"line":286,"column":23},"end":{"line":286,"column":119}},"78":{"start":{"line":286,"column":43},"end":{"line":286,"column":116}},"79":{"start":{"line":288,"column":4},"end":{"line":288,"column":26}},"80":{"start":{"line":290,"column":18},"end":{"line":290,"column":58}},"81":{"start":{"line":301,"column":18},"end":{"line":304,"column":3}},"82":{"start":{"line":305,"column":2},"end":{"line":323,"column":61}},"83":{"start":{"line":310,"column":6},"end":{"line":311,"column":80}},"84":{"start":{"line":311,"column":8},"end":{"line":311,"column":80}},"85":{"start":{"line":313,"column":6},"end":{"line":313,"column":31}},"86":{"start":{"line":314,"column":6},"end":{"line":321,"column":63}},"87":{"start":{"line":314,"column":48},"end":{"line":314,"column":69}},"88":{"start":{"line":316,"column":8},"end":{"line":318,"column":10}},"89":{"start":{"line":317,"column":10},"end":{"line":317,"column":44}},"90":{"start":{"line":319,"column":8},"end":{"line":319,"column":27}},"91":{"start":{"line":321,"column":22},"end":{"line":321,"column":62}},"92":{"start":{"line":323,"column":20},"end":{"line":323,"column":60}},"93":{"start":{"line":334,"column":21},"end":{"line":337,"column":3}},"94":{"start":{"line":338,"column":2},"end":{"line":362,"column":61}},"95":{"start":{"line":343,"column":6},"end":{"line":344,"column":80}},"96":{"start":{"line":344,"column":8},"end":{"line":344,"column":80}},"97":{"start":{"line":346,"column":6},"end":{"line":346,"column":34}},"98":{"start":{"line":347,"column":6},"end":{"line":360,"column":65}},"99":{"start":{"line":349,"column":22},"end":{"line":349,"column":43}},"100":{"start":{"line":351,"column":12},"end":{"line":351,"column":43}},"101":{"start":{"line":355,"column":10},"end":{"line":357,"column":12}},"102":{"start":{"line":356,"column":12},"end":{"line":356,"column":49}},"103":{"start":{"line":358,"column":10},"end":{"line":358,"column":32}},"104":{"start":{"line":360,"column":24},"end":{"line":360,"column":64}},"105":{"start":{"line":362,"column":20},"end":{"line":362,"column":60}},"106":{"start":{"line":374,"column":2},"end":{"line":374,"column":16}},"107":{"start":{"line":375,"column":2},"end":{"line":375,"column":97}},"108":{"start":{"line":375,"column":50},"end":{"line":375,"column":95}},"109":{"start":{"line":398,"column":2},"end":{"line":407,"column":3}},"110":{"start":{"line":399,"column":17},"end":{"line":399,"column":60}},"111":{"start":{"line":400,"column":4},"end":{"line":400,"column":65}},"112":{"start":{"line":400,"column":31},"end":{"line":400,"column":65}},"113":{"start":{"line":401,"column":4},"end":{"line":403,"column":6}},"114":{"start":{"line":405,"column":4},"end":{"line":405,"column":20}},"115":{"start":{"line":406,"column":4},"end":{"line":406,"column":44}},"116":{"start":{"line":413,"column":0},"end":{"line":428,"column":1}}},"fnMap":{"0":{"name":"createMusic","decl":{"start":{"line":18,"column":15},"end":{"line":18,"column":26}},"loc":{"start":{"line":18,"column":43},"end":{"line":67,"column":1}},"line":18},"1":{"name":"(anonymous_1)","decl":{"start":{"line":59,"column":24},"end":{"line":59,"column":25}},"loc":{"start":{"line":59,"column":34},"end":{"line":61,"column":5}},"line":59},"2":{"name":"(anonymous_2)","decl":{"start":{"line":63,"column":11},"end":{"line":63,"column":12}},"loc":{"start":{"line":63,"column":16},"end":{"line":63,"column":54}},"line":63},"3":{"name":"deleteMusic","decl":{"start":{"line":76,"column":15},"end":{"line":76,"column":26}},"loc":{"start":{"line":76,"column":43},"end":{"line":87,"column":1}},"line":76},"4":{"name":"(anonymous_4)","decl":{"start":{"line":79,"column":17},"end":{"line":79,"column":18}},"loc":{"start":{"line":79,"column":29},"end":{"line":81,"column":3}},"line":79},"5":{"name":"(anonymous_5)","decl":{"start":{"line":86,"column":9},"end":{"line":86,"column":10}},"loc":{"start":{"line":86,"column":18},"end":{"line":86,"column":58}},"line":86},"6":{"name":"updateMusic","decl":{"start":{"line":96,"column":9},"end":{"line":96,"column":20}},"loc":{"start":{"line":96,"column":37},"end":{"line":125,"column":1}},"line":96},"7":{"name":"(anonymous_7)","decl":{"start":{"line":108,"column":8},"end":{"line":108,"column":9}},"loc":{"start":{"line":108,"column":16},"end":{"line":108,"column":30}},"line":108},"8":{"name":"(anonymous_8)","decl":{"start":{"line":109,"column":9},"end":{"line":109,"column":10}},"loc":{"start":{"line":109,"column":16},"end":{"line":112,"column":3}},"line":109},"9":{"name":"like","decl":{"start":{"line":134,"column":9},"end":{"line":134,"column":13}},"loc":{"start":{"line":134,"column":30},"end":{"line":151,"column":1}},"line":134},"10":{"name":"(anonymous_10)","decl":{"start":{"line":143,"column":10},"end":{"line":143,"column":11}},"loc":{"start":{"line":143,"column":20},"end":{"line":145,"column":5}},"line":143},"11":{"name":"(anonymous_11)","decl":{"start":{"line":146,"column":11},"end":{"line":146,"column":12}},"loc":{"start":{"line":146,"column":20},"end":{"line":146,"column":60}},"line":146},"12":{"name":"(anonymous_12)","decl":{"start":{"line":149,"column":10},"end":{"line":149,"column":11}},"loc":{"start":{"line":149,"column":20},"end":{"line":149,"column":34}},"line":149},"13":{"name":"(anonymous_13)","decl":{"start":{"line":150,"column":11},"end":{"line":150,"column":12}},"loc":{"start":{"line":150,"column":20},"end":{"line":150,"column":60}},"line":150},"14":{"name":"fork","decl":{"start":{"line":160,"column":9},"end":{"line":160,"column":13}},"loc":{"start":{"line":160,"column":30},"end":{"line":177,"column":1}},"line":160},"15":{"name":"(anonymous_15)","decl":{"start":{"line":169,"column":10},"end":{"line":169,"column":11}},"loc":{"start":{"line":169,"column":20},"end":{"line":171,"column":5}},"line":169},"16":{"name":"(anonymous_16)","decl":{"start":{"line":172,"column":11},"end":{"line":172,"column":12}},"loc":{"start":{"line":172,"column":20},"end":{"line":172,"column":60}},"line":172},"17":{"name":"(anonymous_17)","decl":{"start":{"line":175,"column":10},"end":{"line":175,"column":11}},"loc":{"start":{"line":175,"column":20},"end":{"line":175,"column":34}},"line":175},"18":{"name":"(anonymous_18)","decl":{"start":{"line":176,"column":11},"end":{"line":176,"column":12}},"loc":{"start":{"line":176,"column":20},"end":{"line":176,"column":60}},"line":176},"19":{"name":"listen","decl":{"start":{"line":186,"column":9},"end":{"line":186,"column":15}},"loc":{"start":{"line":186,"column":32},"end":{"line":196,"column":1}},"line":186},"20":{"name":"(anonymous_20)","decl":{"start":{"line":189,"column":10},"end":{"line":189,"column":11}},"loc":{"start":{"line":189,"column":20},"end":{"line":194,"column":5}},"line":189},"21":{"name":"(anonymous_21)","decl":{"start":{"line":195,"column":11},"end":{"line":195,"column":12}},"loc":{"start":{"line":195,"column":20},"end":{"line":195,"column":60}},"line":195},"22":{"name":"mostLike","decl":{"start":{"line":205,"column":9},"end":{"line":205,"column":17}},"loc":{"start":{"line":205,"column":34},"end":{"line":215,"column":1}},"line":205},"23":{"name":"(anonymous_23)","decl":{"start":{"line":210,"column":10},"end":{"line":210,"column":11}},"loc":{"start":{"line":210,"column":20},"end":{"line":213,"column":5}},"line":210},"24":{"name":"(anonymous_24)","decl":{"start":{"line":214,"column":11},"end":{"line":214,"column":12}},"loc":{"start":{"line":214,"column":20},"end":{"line":214,"column":60}},"line":214},"25":{"name":"mostRecent","decl":{"start":{"line":224,"column":9},"end":{"line":224,"column":19}},"loc":{"start":{"line":224,"column":36},"end":{"line":234,"column":1}},"line":224},"26":{"name":"(anonymous_26)","decl":{"start":{"line":229,"column":10},"end":{"line":229,"column":11}},"loc":{"start":{"line":229,"column":20},"end":{"line":232,"column":5}},"line":229},"27":{"name":"(anonymous_27)","decl":{"start":{"line":233,"column":11},"end":{"line":233,"column":12}},"loc":{"start":{"line":233,"column":20},"end":{"line":233,"column":60}},"line":233},"28":{"name":"mostFork","decl":{"start":{"line":243,"column":9},"end":{"line":243,"column":17}},"loc":{"start":{"line":243,"column":34},"end":{"line":253,"column":1}},"line":243},"29":{"name":"(anonymous_29)","decl":{"start":{"line":248,"column":10},"end":{"line":248,"column":11}},"loc":{"start":{"line":248,"column":20},"end":{"line":251,"column":5}},"line":248},"30":{"name":"(anonymous_30)","decl":{"start":{"line":252,"column":11},"end":{"line":252,"column":12}},"loc":{"start":{"line":252,"column":20},"end":{"line":252,"column":60}},"line":252},"31":{"name":"mostListen","decl":{"start":{"line":262,"column":9},"end":{"line":262,"column":19}},"loc":{"start":{"line":262,"column":36},"end":{"line":272,"column":1}},"line":262},"32":{"name":"(anonymous_32)","decl":{"start":{"line":267,"column":10},"end":{"line":267,"column":11}},"loc":{"start":{"line":267,"column":20},"end":{"line":270,"column":5}},"line":267},"33":{"name":"(anonymous_33)","decl":{"start":{"line":271,"column":11},"end":{"line":271,"column":12}},"loc":{"start":{"line":271,"column":20},"end":{"line":271,"column":60}},"line":271},"34":{"name":"searchTitle","decl":{"start":{"line":281,"column":9},"end":{"line":281,"column":20}},"loc":{"start":{"line":281,"column":37},"end":{"line":291,"column":1}},"line":281},"35":{"name":"(anonymous_35)","decl":{"start":{"line":285,"column":66},"end":{"line":285,"column":67}},"loc":{"start":{"line":285,"column":76},"end":{"line":289,"column":3}},"line":285},"36":{"name":"(anonymous_36)","decl":{"start":{"line":286,"column":33},"end":{"line":286,"column":34}},"loc":{"start":{"line":286,"column":43},"end":{"line":286,"column":116}},"line":286},"37":{"name":"(anonymous_37)","decl":{"start":{"line":290,"column":9},"end":{"line":290,"column":10}},"loc":{"start":{"line":290,"column":18},"end":{"line":290,"column":58}},"line":290},"38":{"name":"getFullMusic","decl":{"start":{"line":300,"column":9},"end":{"line":300,"column":21}},"loc":{"start":{"line":300,"column":38},"end":{"line":324,"column":1}},"line":300},"39":{"name":"(anonymous_39)","decl":{"start":{"line":309,"column":10},"end":{"line":309,"column":11}},"loc":{"start":{"line":309,"column":20},"end":{"line":322,"column":5}},"line":309},"40":{"name":"(anonymous_40)","decl":{"start":{"line":314,"column":41},"end":{"line":314,"column":42}},"loc":{"start":{"line":314,"column":48},"end":{"line":314,"column":69}},"line":314},"41":{"name":"(anonymous_41)","decl":{"start":{"line":315,"column":12},"end":{"line":315,"column":13}},"loc":{"start":{"line":315,"column":29},"end":{"line":320,"column":7}},"line":315},"42":{"name":"(anonymous_42)","decl":{"start":{"line":316,"column":28},"end":{"line":316,"column":29}},"loc":{"start":{"line":316,"column":44},"end":{"line":318,"column":9}},"line":316},"43":{"name":"(anonymous_43)","decl":{"start":{"line":321,"column":13},"end":{"line":321,"column":14}},"loc":{"start":{"line":321,"column":22},"end":{"line":321,"column":62}},"line":321},"44":{"name":"(anonymous_44)","decl":{"start":{"line":323,"column":11},"end":{"line":323,"column":12}},"loc":{"start":{"line":323,"column":20},"end":{"line":323,"column":60}},"line":323},"45":{"name":"getMusicContent","decl":{"start":{"line":333,"column":9},"end":{"line":333,"column":24}},"loc":{"start":{"line":333,"column":41},"end":{"line":363,"column":1}},"line":333},"46":{"name":"(anonymous_46)","decl":{"start":{"line":342,"column":10},"end":{"line":342,"column":11}},"loc":{"start":{"line":342,"column":20},"end":{"line":361,"column":5}},"line":342},"47":{"name":"(anonymous_47)","decl":{"start":{"line":349,"column":15},"end":{"line":349,"column":16}},"loc":{"start":{"line":349,"column":22},"end":{"line":349,"column":43}},"line":349},"48":{"name":"(anonymous_48)","decl":{"start":{"line":350,"column":15},"end":{"line":350,"column":16}},"loc":{"start":{"line":350,"column":22},"end":{"line":352,"column":11}},"line":350},"49":{"name":"(anonymous_49)","decl":{"start":{"line":354,"column":14},"end":{"line":354,"column":15}},"loc":{"start":{"line":354,"column":31},"end":{"line":359,"column":9}},"line":354},"50":{"name":"(anonymous_50)","decl":{"start":{"line":355,"column":30},"end":{"line":355,"column":31}},"loc":{"start":{"line":355,"column":46},"end":{"line":357,"column":11}},"line":355},"51":{"name":"(anonymous_51)","decl":{"start":{"line":360,"column":15},"end":{"line":360,"column":16}},"loc":{"start":{"line":360,"column":24},"end":{"line":360,"column":64}},"line":360},"52":{"name":"(anonymous_52)","decl":{"start":{"line":362,"column":11},"end":{"line":362,"column":12}},"loc":{"start":{"line":362,"column":20},"end":{"line":362,"column":60}},"line":362},"53":{"name":"getListOfMusic","decl":{"start":{"line":373,"column":15},"end":{"line":373,"column":29}},"loc":{"start":{"line":373,"column":46},"end":{"line":408,"column":1}},"line":373}},"branchMap":{"0":{"loc":{"start":{"line":144,"column":6},"end":{"line":144,"column":71}},"type":"if","locations":[{"start":{"line":144,"column":6},"end":{"line":144,"column":71}},{"start":{"line":144,"column":6},"end":{"line":144,"column":71}}],"line":144},"1":{"loc":{"start":{"line":170,"column":6},"end":{"line":170,"column":71}},"type":"if","locations":[{"start":{"line":170,"column":6},"end":{"line":170,"column":71}},{"start":{"line":170,"column":6},"end":{"line":170,"column":71}}],"line":170},"2":{"loc":{"start":{"line":190,"column":6},"end":{"line":192,"column":7}},"type":"if","locations":[{"start":{"line":190,"column":6},"end":{"line":192,"column":7}},{"start":{"line":190,"column":6},"end":{"line":192,"column":7}}],"line":190},"3":{"loc":{"start":{"line":310,"column":6},"end":{"line":311,"column":80}},"type":"if","locations":[{"start":{"line":310,"column":6},"end":{"line":311,"column":80}},{"start":{"line":310,"column":6},"end":{"line":311,"column":80}}],"line":310},"4":{"loc":{"start":{"line":343,"column":6},"end":{"line":344,"column":80}},"type":"if","locations":[{"start":{"line":343,"column":6},"end":{"line":344,"column":80}},{"start":{"line":343,"column":6},"end":{"line":344,"column":80}}],"line":343},"5":{"loc":{"start":{"line":375,"column":2},"end":{"line":375,"column":97}},"type":"if","locations":[{"start":{"line":375,"column":2},"end":{"line":375,"column":97}},{"start":{"line":375,"column":2},"end":{"line":375,"column":97}}],"line":375},"6":{"loc":{"start":{"line":375,"column":5},"end":{"line":375,"column":46}},"type":"binary-expr","locations":[{"start":{"line":375,"column":5},"end":{"line":375,"column":18}},{"start":{"line":375,"column":22},"end":{"line":375,"column":46}}],"line":375},"7":{"loc":{"start":{"line":400,"column":4},"end":{"line":400,"column":65}},"type":"if","locations":[{"start":{"line":400,"column":4},"end":{"line":400,"column":65}},{"start":{"line":400,"column":4},"end":{"line":400,"column":65}}],"line":400},"8":{"loc":{"start":{"line":400,"column":8},"end":{"line":400,"column":29}},"type":"binary-expr","locations":[{"start":{"line":400,"column":8},"end":{"line":400,"column":13}},{"start":{"line":400,"column":17},"end":{"line":400,"column":29}}],"line":400}},"s":{"0":2,"1":2,"2":2,"3":2,"4":2,"5":0,"6":0,"7":0,"8":0,"9":0,"10":0,"11":0,"12":0,"13":0,"14":0,"15":0,"16":0,"17":0,"18":0,"19":0,"20":0,"21":0,"22":0,"23":0,"24":0,"25":0,"26":0,"27":0,"28":0,"29":0,"30":0,"31":0,"32":0,"33":0,"34":0,"35":0,"36":0,"37":0,"38":0,"39":0,"40":0,"41":0,"42":0,"43":0,"44":0,"45":0,"46":0,"47":0,"48":0,"49":0,"50":0,"51":0,"52":0,"53":0,"54":0,"55":0,"56":0,"57":0,"58":0,"59":0,"60":0,"61":0,"62":0,"63":0,"64":0,"65":0,"66":0,"67":0,"68":0,"69":0,"70":0,"71":0,"72":0,"73":0,"74":0,"75":0,"76":0,"77":0,"78":0,"79":0,"80":0,"81":0,"82":0,"83":0,"84":0,"85":0,"86":0,"87":0,"88":0,"89":0,"90":0,"91":0,"92":0,"93":0,"94":0,"95":0,"96":0,"97":0,"98":0,"99":0,"100":0,"101":0,"102":0,"103":0,"104":0,"105":0,"106":0,"107":0,"108":0,"109":0,"110":0,"111":0,"112":0,"113":0,"114":0,"115":0,"116":2},"f":{"0":0,"1":0,"2":0,"3":0,"4":0,"5":0,"6":0,"7":0,"8":0,"9":0,"10":0,"11":0,"12":0,"13":0,"14":0,"15":0,"16":0,"17":0,"18":0,"19":0,"20":0,"21":0,"22":0,"23":0,"24":0,"25":0,"26":0,"27":0,"28":0,"29":0,"30":0,"31":0,"32":0,"33":0,"34":0,"35":0,"36":0,"37":0,"38":0,"39":0,"40":0,"41":0,"42":0,"43":0,"44":0,"45":0,"46":0,"47":0,"48":0,"49":0,"50":0,"51":0,"52":0,"53":0},"b":{"0":[0,0],"1":[0,0],"2":[0,0],"3":[0,0],"4":[0,0],"5":[0,0],"6":[0,0],"7":[0,0],"8":[0,0]},"_coverageSchema":"1a1c01bbd47fc00a2c39e90264f33305004495a9","hash":"d8dd4f73e451e0ed1e51af02997e69f753714730"}
,"C:\\Users\\william\\Desktop\\M2\\Event driven programming\\Project\\caudio\\server\\controllers\\sample.js": {"path":"C:\\Users\\william\\Desktop\\M2\\Event driven programming\\Project\\caudio\\server\\controllers\\sample.js","statementMap":{"0":{"start":{"line":1,"column":22},"end":{"line":1,"column":51}},"1":{"start":{"line":11,"column":2},"end":{"line":14,"column":61}},"2":{"start":{"line":13,"column":20},"end":{"line":13,"column":34}},"3":{"start":{"line":14,"column":20},"end":{"line":14,"column":60}},"4":{"start":{"line":25,"column":2},"end":{"line":28,"column":61}},"5":{"start":{"line":27,"column":20},"end":{"line":27,"column":34}},"6":{"start":{"line":28,"column":20},"end":{"line":28,"column":60}},"7":{"start":{"line":39,"column":2},"end":{"line":45,"column":61}},"8":{"start":{"line":44,"column":20},"end":{"line":44,"column":34}},"9":{"start":{"line":45,"column":20},"end":{"line":45,"column":60}},"10":{"start":{"line":51,"column":0},"end":{"line":55,"column":1}}},"fnMap":{"0":{"name":"getSamples","decl":{"start":{"line":10,"column":9},"end":{"line":10,"column":19}},"loc":{"start":{"line":10,"column":36},"end":{"line":15,"column":1}},"line":10},"1":{"name":"(anonymous_1)","decl":{"start":{"line":13,"column":10},"end":{"line":13,"column":11}},"loc":{"start":{"line":13,"column":20},"end":{"line":13,"column":34}},"line":13},"2":{"name":"(anonymous_2)","decl":{"start":{"line":14,"column":11},"end":{"line":14,"column":12}},"loc":{"start":{"line":14,"column":20},"end":{"line":14,"column":60}},"line":14},"3":{"name":"getSample","decl":{"start":{"line":24,"column":9},"end":{"line":24,"column":18}},"loc":{"start":{"line":24,"column":35},"end":{"line":29,"column":1}},"line":24},"4":{"name":"(anonymous_4)","decl":{"start":{"line":27,"column":10},"end":{"line":27,"column":11}},"loc":{"start":{"line":27,"column":20},"end":{"line":27,"column":34}},"line":27},"5":{"name":"(anonymous_5)","decl":{"start":{"line":28,"column":11},"end":{"line":28,"column":12}},"loc":{"start":{"line":28,"column":20},"end":{"line":28,"column":60}},"line":28},"6":{"name":"addSample","decl":{"start":{"line":38,"column":9},"end":{"line":38,"column":18}},"loc":{"start":{"line":38,"column":35},"end":{"line":46,"column":1}},"line":38},"7":{"name":"(anonymous_7)","decl":{"start":{"line":44,"column":10},"end":{"line":44,"column":11}},"loc":{"start":{"line":44,"column":20},"end":{"line":44,"column":34}},"line":44},"8":{"name":"(anonymous_8)","decl":{"start":{"line":45,"column":11},"end":{"line":45,"column":12}},"loc":{"start":{"line":45,"column":20},"end":{"line":45,"column":60}},"line":45}},"branchMap":{},"s":{"0":2,"1":0,"2":0,"3":0,"4":0,"5":0,"6":0,"7":0,"8":0,"9":0,"10":2},"f":{"0":0,"1":0,"2":0,"3":0,"4":0,"5":0,"6":0,"7":0,"8":0},"b":{},"_coverageSchema":"1a1c01bbd47fc00a2c39e90264f33305004495a9","hash":"2e6b7a92733d011e7d1af977d726e33ffe99a22a"}
,"C:\\Users\\william\\Desktop\\M2\\Event driven programming\\Project\\caudio\\server\\controllers\\user.js": {"path":"C:\\Users\\william\\Desktop\\M2\\Event driven programming\\Project\\caudio\\server\\controllers\\user.js","statementMap":{"0":{"start":{"line":1,"column":20},"end":{"line":1,"column":47}},"1":{"start":{"line":5,"column":4},"end":{"line":5,"column":42}},"2":{"start":{"line":14,"column":2},"end":{"line":24,"column":4}},"3":{"start":{"line":16,"column":4},"end":{"line":23,"column":5}},"4":{"start":{"line":17,"column":6},"end":{"line":17,"column":34}},"5":{"start":{"line":19,"column":6},"end":{"line":22,"column":8}},"6":{"start":{"line":34,"column":25},"end":{"line":34,"column":34}},"7":{"start":{"line":35,"column":28},"end":{"line":35,"column":53}},"8":{"start":{"line":36,"column":2},"end":{"line":36,"column":68}},"9":{"start":{"line":36,"column":32},"end":{"line":36,"column":68}},"10":{"start":{"line":37,"column":2},"end":{"line":44,"column":59}},"11":{"start":{"line":40,"column":27},"end":{"line":40,"column":60}},"12":{"start":{"line":40,"column":49},"end":{"line":40,"column":59}},"13":{"start":{"line":41,"column":23},"end":{"line":41,"column":67}},"14":{"start":{"line":42,"column":6},"end":{"line":42,"column":36}},"15":{"start":{"line":44,"column":20},"end":{"line":44,"column":58}},"16":{"start":{"line":55,"column":2},"end":{"line":61,"column":61}},"17":{"start":{"line":58,"column":6},"end":{"line":58,"column":39}},"18":{"start":{"line":60,"column":20},"end":{"line":60,"column":34}},"19":{"start":{"line":61,"column":20},"end":{"line":61,"column":60}},"20":{"start":{"line":72,"column":13},"end":{"line":76,"column":3}},"21":{"start":{"line":77,"column":2},"end":{"line":80,"column":61}},"22":{"start":{"line":79,"column":20},"end":{"line":79,"column":34}},"23":{"start":{"line":80,"column":20},"end":{"line":80,"column":60}},"24":{"start":{"line":86,"column":0},"end":{"line":91,"column":1}}},"fnMap":{"0":{"name":"getUser","decl":{"start":{"line":13,"column":9},"end":{"line":13,"column":16}},"loc":{"start":{"line":13,"column":27},"end":{"line":25,"column":1}},"line":13},"1":{"name":"(anonymous_1)","decl":{"start":{"line":14,"column":46},"end":{"line":14,"column":47}},"loc":{"start":{"line":14,"column":58},"end":{"line":24,"column":3}},"line":14},"2":{"name":"getUserMusicIDs","decl":{"start":{"line":33,"column":9},"end":{"line":33,"column":24}},"loc":{"start":{"line":33,"column":35},"end":{"line":45,"column":1}},"line":33},"3":{"name":"(anonymous_3)","decl":{"start":{"line":39,"column":10},"end":{"line":39,"column":11}},"loc":{"start":{"line":39,"column":20},"end":{"line":43,"column":5}},"line":39},"4":{"name":"(anonymous_4)","decl":{"start":{"line":40,"column":36},"end":{"line":40,"column":37}},"loc":{"start":{"line":40,"column":49},"end":{"line":40,"column":59}},"line":40},"5":{"name":"(anonymous_5)","decl":{"start":{"line":44,"column":11},"end":{"line":44,"column":12}},"loc":{"start":{"line":44,"column":20},"end":{"line":44,"column":58}},"line":44},"6":{"name":"deleteUser","decl":{"start":{"line":54,"column":9},"end":{"line":54,"column":19}},"loc":{"start":{"line":54,"column":30},"end":{"line":62,"column":1}},"line":54},"7":{"name":"(anonymous_7)","decl":{"start":{"line":57,"column":10},"end":{"line":57,"column":11}},"loc":{"start":{"line":57,"column":22},"end":{"line":59,"column":5}},"line":57},"8":{"name":"(anonymous_8)","decl":{"start":{"line":60,"column":10},"end":{"line":60,"column":11}},"loc":{"start":{"line":60,"column":20},"end":{"line":60,"column":34}},"line":60},"9":{"name":"(anonymous_9)","decl":{"start":{"line":61,"column":11},"end":{"line":61,"column":12}},"loc":{"start":{"line":61,"column":20},"end":{"line":61,"column":60}},"line":61},"10":{"name":"updateUser","decl":{"start":{"line":71,"column":9},"end":{"line":71,"column":19}},"loc":{"start":{"line":71,"column":36},"end":{"line":81,"column":1}},"line":71},"11":{"name":"(anonymous_11)","decl":{"start":{"line":79,"column":10},"end":{"line":79,"column":11}},"loc":{"start":{"line":79,"column":20},"end":{"line":79,"column":34}},"line":79},"12":{"name":"(anonymous_12)","decl":{"start":{"line":80,"column":11},"end":{"line":80,"column":12}},"loc":{"start":{"line":80,"column":20},"end":{"line":80,"column":60}},"line":80}},"branchMap":{"0":{"loc":{"start":{"line":16,"column":4},"end":{"line":23,"column":5}},"type":"if","locations":[{"start":{"line":16,"column":4},"end":{"line":23,"column":5}},{"start":{"line":16,"column":4},"end":{"line":23,"column":5}}],"line":16},"1":{"loc":{"start":{"line":36,"column":2},"end":{"line":36,"column":68}},"type":"if","locations":[{"start":{"line":36,"column":2},"end":{"line":36,"column":68}},{"start":{"line":36,"column":2},"end":{"line":36,"column":68}}],"line":36}},"s":{"0":2,"1":2,"2":0,"3":0,"4":0,"5":0,"6":0,"7":0,"8":0,"9":0,"10":0,"11":0,"12":0,"13":0,"14":0,"15":0,"16":0,"17":0,"18":0,"19":0,"20":0,"21":0,"22":0,"23":0,"24":2},"f":{"0":0,"1":0,"2":0,"3":0,"4":0,"5":0,"6":0,"7":0,"8":0,"9":0,"10":0,"11":0,"12":0},"b":{"0":[0,0],"1":[0,0]},"_coverageSchema":"1a1c01bbd47fc00a2c39e90264f33305004495a9","hash":"b8184ccff239f65f552d5df12d970d4a86aae925"}
,"C:\\Users\\william\\Desktop\\M2\\Event driven programming\\Project\\caudio\\server\\middlewares\\auth.js": {"path":"C:\\Users\\william\\Desktop\\M2\\Event driven programming\\Project\\caudio\\server\\middlewares\\auth.js","statementMap":{"0":{"start":{"line":1,"column":12},"end":{"line":1,"column":35}},"1":{"start":{"line":2,"column":15},"end":{"line":2,"column":35}},"2":{"start":{"line":11,"column":18},"end":{"line":31,"column":1}},"3":{"start":{"line":12,"column":23},"end":{"line":12,"column":51}},"4":{"start":{"line":14,"column":2},"end":{"line":15,"column":79}},"5":{"start":{"line":15,"column":4},"end":{"line":15,"column":79}},"6":{"start":{"line":17,"column":17},"end":{"line":17,"column":40}},"7":{"start":{"line":18,"column":22},"end":{"line":18,"column":31}},"8":{"start":{"line":20,"column":2},"end":{"line":30,"column":4}},"9":{"start":{"line":21,"column":4},"end":{"line":24,"column":72}},"10":{"start":{"line":22,"column":6},"end":{"line":24,"column":72}},"11":{"start":{"line":25,"column":4},"end":{"line":28,"column":5}},"12":{"start":{"line":29,"column":4},"end":{"line":29,"column":10}},"13":{"start":{"line":36,"column":0},"end":{"line":38,"column":1}}},"fnMap":{"0":{"name":"(anonymous_0)","decl":{"start":{"line":11,"column":18},"end":{"line":11,"column":19}},"loc":{"start":{"line":11,"column":38},"end":{"line":31,"column":1}},"line":11},"1":{"name":"(anonymous_1)","decl":{"start":{"line":20,"column":44},"end":{"line":20,"column":45}},"loc":{"start":{"line":20,"column":62},"end":{"line":30,"column":3}},"line":20}},"branchMap":{"0":{"loc":{"start":{"line":14,"column":2},"end":{"line":15,"column":79}},"type":"if","locations":[{"start":{"line":14,"column":2},"end":{"line":15,"column":79}},{"start":{"line":14,"column":2},"end":{"line":15,"column":79}}],"line":14},"1":{"loc":{"start":{"line":21,"column":4},"end":{"line":24,"column":72}},"type":"if","locations":[{"start":{"line":21,"column":4},"end":{"line":24,"column":72}},{"start":{"line":21,"column":4},"end":{"line":24,"column":72}}],"line":21}},"s":{"0":2,"1":2,"2":2,"3":6,"4":6,"5":4,"6":2,"7":2,"8":2,"9":2,"10":2,"11":0,"12":0,"13":2},"f":{"0":6,"1":2},"b":{"0":[4,2],"1":[2,0]},"_coverageSchema":"1a1c01bbd47fc00a2c39e90264f33305004495a9","hash":"85666445d975aea169bb8338be840503cff5dc0c"}
,"C:\\Users\\william\\Desktop\\M2\\Event driven programming\\Project\\caudio\\server\\middlewares\\errorClass.js": {"path":"C:\\Users\\william\\Desktop\\M2\\Event driven programming\\Project\\caudio\\server\\middlewares\\errorClass.js","statementMap":{"0":{"start":{"line":7,"column":4},"end":{"line":7,"column":11}},"1":{"start":{"line":8,"column":4},"end":{"line":8,"column":26}},"2":{"start":{"line":9,"column":4},"end":{"line":9,"column":20}},"3":{"start":{"line":11,"column":4},"end":{"line":11,"column":18}},"4":{"start":{"line":15,"column":4},"end":{"line":21,"column":5}},"5":{"start":{"line":16,"column":6},"end":{"line":16,"column":21}},"6":{"start":{"line":17,"column":6},"end":{"line":17,"column":12}},"7":{"start":{"line":18,"column":11},"end":{"line":21,"column":5}},"8":{"start":{"line":19,"column":6},"end":{"line":19,"column":21}},"9":{"start":{"line":20,"column":6},"end":{"line":20,"column":12}},"10":{"start":{"line":22,"column":4},"end":{"line":22,"column":19}},"11":{"start":{"line":41,"column":0},"end":{"line":45,"column":1}}},"fnMap":{"0":{"name":"(anonymous_0)","decl":{"start":{"line":6,"column":2},"end":{"line":6,"column":3}},"loc":{"start":{"line":6,"column":23},"end":{"line":12,"column":3}},"line":6},"1":{"name":"(anonymous_1)","decl":{"start":{"line":14,"column":2},"end":{"line":14,"column":3}},"loc":{"start":{"line":14,"column":12},"end":{"line":23,"column":3}},"line":14}},"branchMap":{"0":{"loc":{"start":{"line":15,"column":4},"end":{"line":21,"column":5}},"type":"if","locations":[{"start":{"line":15,"column":4},"end":{"line":21,"column":5}},{"start":{"line":15,"column":4},"end":{"line":21,"column":5}}],"line":15},"1":{"loc":{"start":{"line":18,"column":11},"end":{"line":21,"column":5}},"type":"if","locations":[{"start":{"line":18,"column":11},"end":{"line":21,"column":5}},{"start":{"line":18,"column":11},"end":{"line":21,"column":5}}],"line":18}},"s":{"0":8,"1":8,"2":8,"3":8,"4":8,"5":4,"6":4,"7":4,"8":0,"9":0,"10":4,"11":2},"f":{"0":8,"1":8},"b":{"0":[4,4],"1":[0,4]},"_coverageSchema":"1a1c01bbd47fc00a2c39e90264f33305004495a9","hash":"31905042c225e78848da53f66209b446e3a93027"}
,"C:\\Users\\william\\Desktop\\M2\\Event driven programming\\Project\\caudio\\server\\middlewares\\errorMiddleware.js": {"path":"C:\\Users\\william\\Desktop\\M2\\Event driven programming\\Project\\caudio\\server\\middlewares\\errorMiddleware.js","statementMap":{"0":{"start":{"line":1,"column":25},"end":{"line":1,"column":48}},"1":{"start":{"line":12,"column":0},"end":{"line":24,"column":1}},"2":{"start":{"line":13,"column":2},"end":{"line":18,"column":3}},"3":{"start":{"line":14,"column":4},"end":{"line":17,"column":6}},"4":{"start":{"line":20,"column":2},"end":{"line":23,"column":4}},"5":{"start":{"line":31,"column":0},"end":{"line":33,"column":1}},"6":{"start":{"line":32,"column":2},"end":{"line":32,"column":59}},"7":{"start":{"line":32,"column":29},"end":{"line":32,"column":59}}},"fnMap":{"0":{"name":"(anonymous_0)","decl":{"start":{"line":12,"column":23},"end":{"line":12,"column":24}},"loc":{"start":{"line":12,"column":48},"end":{"line":24,"column":1}},"line":12},"1":{"name":"(anonymous_1)","decl":{"start":{"line":31,"column":20},"end":{"line":31,"column":21}},"loc":{"start":{"line":31,"column":28},"end":{"line":33,"column":1}},"line":31},"2":{"name":"(anonymous_2)","decl":{"start":{"line":32,"column":9},"end":{"line":32,"column":10}},"loc":{"start":{"line":32,"column":29},"end":{"line":32,"column":59}},"line":32}},"branchMap":{"0":{"loc":{"start":{"line":13,"column":2},"end":{"line":18,"column":3}},"type":"if","locations":[{"start":{"line":13,"column":2},"end":{"line":18,"column":3}},{"start":{"line":13,"column":2},"end":{"line":18,"column":3}}],"line":13}},"s":{"0":2,"1":2,"2":8,"3":8,"4":0,"5":2,"6":0,"7":0},"f":{"0":8,"1":0,"2":0},"b":{"0":[8,0]},"_coverageSchema":"1a1c01bbd47fc00a2c39e90264f33305004495a9","hash":"876437a45c89dd22e66292e41e8245764fc03ce3"}
,"C:\\Users\\william\\Desktop\\M2\\Event driven programming\\Project\\caudio\\server\\middlewares\\pagination.js": {"path":"C:\\Users\\william\\Desktop\\M2\\Event driven programming\\Project\\caudio\\server\\middlewares\\pagination.js","statementMap":{"0":{"start":{"line":1,"column":26},"end":{"line":1,"column":28}},"1":{"start":{"line":10,"column":22},"end":{"line":15,"column":1}},"2":{"start":{"line":11,"column":16},"end":{"line":11,"column":48}},"3":{"start":{"line":12,"column":17},"end":{"line":12,"column":40}},"4":{"start":{"line":14,"column":2},"end":{"line":14,"column":26}},"5":{"start":{"line":25,"column":26},"end":{"line":31,"column":1}},"6":{"start":{"line":26,"column":21},"end":{"line":26,"column":32}},"7":{"start":{"line":27,"column":22},"end":{"line":27,"column":38}},"8":{"start":{"line":28,"column":21},"end":{"line":28,"column":50}},"9":{"start":{"line":30,"column":2},"end":{"line":30,"column":54}},"10":{"start":{"line":36,"column":0},"end":{"line":39,"column":1}}},"fnMap":{"0":{"name":"(anonymous_0)","decl":{"start":{"line":10,"column":22},"end":{"line":10,"column":23}},"loc":{"start":{"line":10,"column":38},"end":{"line":15,"column":1}},"line":10},"1":{"name":"(anonymous_1)","decl":{"start":{"line":25,"column":26},"end":{"line":25,"column":27}},"loc":{"start":{"line":25,"column":49},"end":{"line":31,"column":1}},"line":25}},"branchMap":{"0":{"loc":{"start":{"line":11,"column":16},"end":{"line":11,"column":48}},"type":"cond-expr","locations":[{"start":{"line":11,"column":23},"end":{"line":11,"column":28}},{"start":{"line":11,"column":31},"end":{"line":11,"column":48}}],"line":11},"1":{"loc":{"start":{"line":12,"column":17},"end":{"line":12,"column":40}},"type":"cond-expr","locations":[{"start":{"line":12,"column":24},"end":{"line":12,"column":36}},{"start":{"line":12,"column":39},"end":{"line":12,"column":40}}],"line":12},"2":{"loc":{"start":{"line":27,"column":22},"end":{"line":27,"column":38}},"type":"cond-expr","locations":[{"start":{"line":27,"column":29},"end":{"line":27,"column":34}},{"start":{"line":27,"column":37},"end":{"line":27,"column":38}}],"line":27}},"s":{"0":2,"1":2,"2":0,"3":0,"4":0,"5":2,"6":0,"7":0,"8":0,"9":0,"10":2},"f":{"0":0,"1":0},"b":{"0":[0,0],"1":[0,0],"2":[0,0]},"_coverageSchema":"1a1c01bbd47fc00a2c39e90264f33305004495a9","hash":"efe7e5e1b5247d0cdea113057f9918035e1554d4"}
,"C:\\Users\\william\\Desktop\\M2\\Event driven programming\\Project\\caudio\\server\\models\\index.js": {"path":"C:\\Users\\william\\Desktop\\M2\\Event driven programming\\Project\\caudio\\server\\models\\index.js","statementMap":{"0":{"start":{"line":1,"column":18},"end":{"line":1,"column":38}},"1":{"start":{"line":2,"column":18},"end":{"line":2,"column":34}},"2":{"start":{"line":7,"column":13},"end":{"line":11,"column":2}},"3":{"start":{"line":16,"column":14},"end":{"line":28,"column":2}},"4":{"start":{"line":33,"column":15},"end":{"line":36,"column":2}},"5":{"start":{"line":38,"column":16},"end":{"line":38,"column":47}},"6":{"start":{"line":40,"column":21},"end":{"line":42,"column":2}},"7":{"start":{"line":44,"column":0},"end":{"line":44,"column":48}},"8":{"start":{"line":46,"column":0},"end":{"line":46,"column":53}},"9":{"start":{"line":47,"column":0},"end":{"line":47,"column":56}},"10":{"start":{"line":48,"column":0},"end":{"line":48,"column":55}},"11":{"start":{"line":50,"column":0},"end":{"line":50,"column":50}},"12":{"start":{"line":51,"column":0},"end":{"line":51,"column":50}},"13":{"start":{"line":54,"column":0},"end":{"line":57,"column":2}},"14":{"start":{"line":56,"column":4},"end":{"line":56,"column":45}},"15":{"start":{"line":62,"column":0},"end":{"line":64,"column":1}}},"fnMap":{"0":{"name":"(anonymous_0)","decl":{"start":{"line":55,"column":8},"end":{"line":55,"column":9}},"loc":{"start":{"line":55,"column":14},"end":{"line":57,"column":1}},"line":55}},"branchMap":{},"s":{"0":2,"1":2,"2":2,"3":2,"4":2,"5":2,"6":2,"7":2,"8":2,"9":2,"10":2,"11":2,"12":2,"13":2,"14":0,"15":2},"f":{"0":0},"b":{},"_coverageSchema":"1a1c01bbd47fc00a2c39e90264f33305004495a9","hash":"ecf974df0bd6e1db0aa8df6ee7e5bd3e62cdc0f9"}
,"C:\\Users\\william\\Desktop\\M2\\Event driven programming\\Project\\caudio\\server\\routes\\auth.js": {"path":"C:\\Users\\william\\Desktop\\M2\\Event driven programming\\Project\\caudio\\server\\routes\\auth.js","statementMap":{"0":{"start":{"line":1,"column":15},"end":{"line":1,"column":40}},"1":{"start":{"line":2,"column":23},"end":{"line":2,"column":53}},"2":{"start":{"line":4,"column":15},"end":{"line":4,"column":23}},"3":{"start":{"line":5,"column":0},"end":{"line":5,"column":43}},"4":{"start":{"line":6,"column":0},"end":{"line":6,"column":49}},"5":{"start":{"line":8,"column":0},"end":{"line":8,"column":23}}},"fnMap":{},"branchMap":{},"s":{"0":2,"1":2,"2":2,"3":2,"4":2,"5":2},"f":{},"b":{},"_coverageSchema":"1a1c01bbd47fc00a2c39e90264f33305004495a9","hash":"85d3b5c6010ce8d7d1cfe1adc8e29124694a0ccb"}
,"C:\\Users\\william\\Desktop\\M2\\Event driven programming\\Project\\caudio\\server\\routes\\library.js": {"path":"C:\\Users\\william\\Desktop\\M2\\Event driven programming\\Project\\caudio\\server\\routes\\library.js","statementMap":{"0":{"start":{"line":1,"column":15},"end":{"line":1,"column":40}},"1":{"start":{"line":2,"column":23},"end":{"line":2,"column":53}},"2":{"start":{"line":3,"column":26},"end":{"line":3,"column":59}},"3":{"start":{"line":5,"column":15},"end":{"line":5,"column":23}},"4":{"start":{"line":6,"column":0},"end":{"line":10,"column":1}},"5":{"start":{"line":11,"column":0},"end":{"line":11,"column":79}},"6":{"start":{"line":13,"column":0},"end":{"line":13,"column":23}}},"fnMap":{},"branchMap":{},"s":{"0":2,"1":2,"2":2,"3":2,"4":2,"5":2,"6":2},"f":{},"b":{},"_coverageSchema":"1a1c01bbd47fc00a2c39e90264f33305004495a9","hash":"f52ada890771ba8b5933e3910e671ea9a73c20a0"}
,"C:\\Users\\william\\Desktop\\M2\\Event driven programming\\Project\\caudio\\server\\routes\\music.js": {"path":"C:\\Users\\william\\Desktop\\M2\\Event driven programming\\Project\\caudio\\server\\routes\\music.js","statementMap":{"0":{"start":{"line":1,"column":15},"end":{"line":1,"column":40}},"1":{"start":{"line":2,"column":23},"end":{"line":2,"column":53}},"2":{"start":{"line":3,"column":24},"end":{"line":3,"column":55}},"3":{"start":{"line":5,"column":15},"end":{"line":5,"column":23}},"4":{"start":{"line":7,"column":0},"end":{"line":7,"column":74}},"5":{"start":{"line":8,"column":0},"end":{"line":8,"column":74}},"6":{"start":{"line":9,"column":0},"end":{"line":9,"column":76}},"7":{"start":{"line":10,"column":0},"end":{"line":10,"column":78}},"8":{"start":{"line":13,"column":0},"end":{"line":13,"column":57}},"9":{"start":{"line":14,"column":0},"end":{"line":14,"column":59}},"10":{"start":{"line":15,"column":0},"end":{"line":15,"column":55}},"11":{"start":{"line":16,"column":0},"end":{"line":16,"column":59}},"12":{"start":{"line":17,"column":0},"end":{"line":17,"column":55}},"13":{"start":{"line":18,"column":0},"end":{"line":18,"column":65}},"14":{"start":{"line":19,"column":0},"end":{"line":19,"column":59}},"15":{"start":{"line":20,"column":0},"end":{"line":20,"column":69}},"16":{"start":{"line":22,"column":0},"end":{"line":26,"column":1}},"17":{"start":{"line":28,"column":0},"end":{"line":32,"column":1}},"18":{"start":{"line":37,"column":0},"end":{"line":37,"column":23}}},"fnMap":{},"branchMap":{},"s":{"0":2,"1":2,"2":2,"3":2,"4":2,"5":2,"6":2,"7":2,"8":2,"9":2,"10":2,"11":2,"12":2,"13":2,"14":2,"15":2,"16":2,"17":2,"18":2},"f":{},"b":{},"_coverageSchema":"1a1c01bbd47fc00a2c39e90264f33305004495a9","hash":"9c930c4bf9ecb2d00e2c5374bf9769e1679d6dc2"}
,"C:\\Users\\william\\Desktop\\M2\\Event driven programming\\Project\\caudio\\server\\routes\\routes.js": {"path":"C:\\Users\\william\\Desktop\\M2\\Event driven programming\\Project\\caudio\\server\\routes\\routes.js","statementMap":{"0":{"start":{"line":1,"column":15},"end":{"line":1,"column":40}},"1":{"start":{"line":2,"column":19},"end":{"line":2,"column":39}},"2":{"start":{"line":3,"column":21},"end":{"line":3,"column":43}},"3":{"start":{"line":4,"column":20},"end":{"line":4,"column":41}},"4":{"start":{"line":5,"column":22},"end":{"line":5,"column":45}},"5":{"start":{"line":6,"column":19},"end":{"line":6,"column":36}},"6":{"start":{"line":8,"column":15},"end":{"line":8,"column":23}},"7":{"start":{"line":9,"column":0},"end":{"line":9,"column":27}},"8":{"start":{"line":10,"column":0},"end":{"line":10,"column":29}},"9":{"start":{"line":11,"column":0},"end":{"line":11,"column":28}},"10":{"start":{"line":12,"column":0},"end":{"line":12,"column":30}},"11":{"start":{"line":13,"column":0},"end":{"line":13,"column":27}},"12":{"start":{"line":14,"column":0},"end":{"line":14,"column":58}},"13":{"start":{"line":14,"column":34},"end":{"line":14,"column":57}},"14":{"start":{"line":16,"column":0},"end":{"line":16,"column":23}}},"fnMap":{"0":{"name":"(anonymous_0)","decl":{"start":{"line":14,"column":20},"end":{"line":14,"column":21}},"loc":{"start":{"line":14,"column":34},"end":{"line":14,"column":57}},"line":14}},"branchMap":{},"s":{"0":2,"1":2,"2":2,"3":2,"4":2,"5":2,"6":2,"7":2,"8":2,"9":2,"10":2,"11":2,"12":2,"13":0,"14":2},"f":{"0":0},"b":{},"_coverageSchema":"1a1c01bbd47fc00a2c39e90264f33305004495a9","hash":"13ba2043032544b4699df0c67aee8e8e866be3ff"}
,"C:\\Users\\william\\Desktop\\M2\\Event driven programming\\Project\\caudio\\server\\routes\\sample.js": {"path":"C:\\Users\\william\\Desktop\\M2\\Event driven programming\\Project\\caudio\\server\\routes\\sample.js","statementMap":{"0":{"start":{"line":1,"column":15},"end":{"line":1,"column":40}},"1":{"start":{"line":2,"column":23},"end":{"line":2,"column":53}},"2":{"start":{"line":3,"column":25},"end":{"line":3,"column":57}},"3":{"start":{"line":5,"column":15},"end":{"line":5,"column":23}},"4":{"start":{"line":6,"column":0},"end":{"line":6,"column":77}},"5":{"start":{"line":7,"column":0},"end":{"line":7,"column":80}},"6":{"start":{"line":8,"column":0},"end":{"line":8,"column":77}},"7":{"start":{"line":10,"column":0},"end":{"line":10,"column":23}}},"fnMap":{},"branchMap":{},"s":{"0":2,"1":2,"2":2,"3":2,"4":2,"5":2,"6":2,"7":2},"f":{},"b":{},"_coverageSchema":"1a1c01bbd47fc00a2c39e90264f33305004495a9","hash":"55601c0fc569a8dffa93b0824c60b6ebe294bcfb"}
,"C:\\Users\\william\\Desktop\\M2\\Event driven programming\\Project\\caudio\\server\\routes\\user.js": {"path":"C:\\Users\\william\\Desktop\\M2\\Event driven programming\\Project\\caudio\\server\\routes\\user.js","statementMap":{"0":{"start":{"line":1,"column":15},"end":{"line":1,"column":40}},"1":{"start":{"line":2,"column":23},"end":{"line":2,"column":53}},"2":{"start":{"line":3,"column":23},"end":{"line":3,"column":53}},"3":{"start":{"line":5,"column":15},"end":{"line":5,"column":23}},"4":{"start":{"line":6,"column":0},"end":{"line":6,"column":73}},"5":{"start":{"line":7,"column":0},"end":{"line":11,"column":1}},"6":{"start":{"line":12,"column":0},"end":{"line":16,"column":1}},"7":{"start":{"line":17,"column":0},"end":{"line":21,"column":1}},"8":{"start":{"line":23,"column":0},"end":{"line":23,"column":23}}},"fnMap":{},"branchMap":{},"s":{"0":2,"1":2,"2":2,"3":2,"4":2,"5":2,"6":2,"7":2,"8":2},"f":{},"b":{},"_coverageSchema":"1a1c01bbd47fc00a2c39e90264f33305004495a9","hash":"120d4b6544b45c38a9e0c3a71fe5ba419f17ec59"}
,"C:\\Users\\william\\Desktop\\M2\\Event driven programming\\Project\\caudio\\server\\services\\auth.js": {"path":"C:\\Users\\william\\Desktop\\M2\\Event driven programming\\Project\\caudio\\server\\services\\auth.js","statementMap":{"0":{"start":{"line":1,"column":15},"end":{"line":1,"column":32}},"1":{"start":{"line":2,"column":12},"end":{"line":2,"column":35}},"2":{"start":{"line":3,"column":14},"end":{"line":3,"column":39}},"3":{"start":{"line":4,"column":15},"end":{"line":4,"column":35}},"4":{"start":{"line":12,"column":21},"end":{"line":38,"column":1}},"5":{"start":{"line":14,"column":2},"end":{"line":37,"column":4}},"6":{"start":{"line":20,"column":4},"end":{"line":20,"column":72}},"7":{"start":{"line":20,"column":15},"end":{"line":20,"column":72}},"8":{"start":{"line":22,"column":26},"end":{"line":25,"column":6}},"9":{"start":{"line":26,"column":4},"end":{"line":27,"column":63}},"10":{"start":{"line":27,"column":6},"end":{"line":27,"column":63}},"11":{"start":{"line":28,"column":20},"end":{"line":32,"column":5}},"12":{"start":{"line":33,"column":16},"end":{"line":35,"column":6}},"13":{"start":{"line":36,"column":4},"end":{"line":36,"column":33}},"14":{"start":{"line":43,"column":0},"end":{"line":45,"column":1}}},"fnMap":{"0":{"name":"(anonymous_0)","decl":{"start":{"line":12,"column":21},"end":{"line":12,"column":22}},"loc":{"start":{"line":12,"column":33},"end":{"line":38,"column":1}},"line":12},"1":{"name":"(anonymous_1)","decl":{"start":{"line":19,"column":10},"end":{"line":19,"column":11}},"loc":{"start":{"line":19,"column":26},"end":{"line":37,"column":3}},"line":19}},"branchMap":{"0":{"loc":{"start":{"line":20,"column":4},"end":{"line":20,"column":72}},"type":"if","locations":[{"start":{"line":20,"column":4},"end":{"line":20,"column":72}},{"start":{"line":20,"column":4},"end":{"line":20,"column":72}}],"line":20},"1":{"loc":{"start":{"line":23,"column":6},"end":{"line":23,"column":27}},"type":"binary-expr","locations":[{"start":{"line":23,"column":6},"end":{"line":23,"column":21}},{"start":{"line":23,"column":25},"end":{"line":23,"column":27}}],"line":23},"2":{"loc":{"start":{"line":26,"column":4},"end":{"line":27,"column":63}},"type":"if","locations":[{"start":{"line":26,"column":4},"end":{"line":27,"column":63}},{"start":{"line":26,"column":4},"end":{"line":27,"column":63}}],"line":26}},"s":{"0":2,"1":2,"2":2,"3":2,"4":2,"5":3,"6":0,"7":0,"8":0,"9":0,"10":0,"11":0,"12":0,"13":0,"14":2},"f":{"0":3,"1":0},"b":{"0":[0,0],"1":[0,0],"2":[0,0]},"_coverageSchema":"1a1c01bbd47fc00a2c39e90264f33305004495a9","hash":"e42c8e703933c0e89f355f29e3d07ff6fda169d9"}
,"C:\\Users\\william\\Desktop\\M2\\Event driven programming\\Project\\caudio\\server\\services\\library.js": {"path":"C:\\Users\\william\\Desktop\\M2\\Event driven programming\\Project\\caudio\\server\\services\\library.js","statementMap":{"0":{"start":{"line":1,"column":18},"end":{"line":1,"column":46}},"1":{"start":{"line":2,"column":18},"end":{"line":2,"column":34}},"2":{"start":{"line":10,"column":15},"end":{"line":10,"column":40}},"3":{"start":{"line":10,"column":21},"end":{"line":10,"column":40}},"4":{"start":{"line":17,"column":12},"end":{"line":17,"column":50}},"5":{"start":{"line":17,"column":25},"end":{"line":17,"column":50}},"6":{"start":{"line":24,"column":20},"end":{"line":24,"column":66}},"7":{"start":{"line":24,"column":35},"end":{"line":24,"column":66}},"8":{"start":{"line":32,"column":27},"end":{"line":36,"column":4}},"9":{"start":{"line":33,"column":2},"end":{"line":36,"column":4}},"10":{"start":{"line":44,"column":32},"end":{"line":51,"column":3}},"11":{"start":{"line":45,"column":2},"end":{"line":51,"column":3}},"12":{"start":{"line":58,"column":30},"end":{"line":61,"column":4}},"13":{"start":{"line":59,"column":2},"end":{"line":61,"column":4}},"14":{"start":{"line":66,"column":0},"end":{"line":73,"column":1}}},"fnMap":{"0":{"name":"(anonymous_0)","decl":{"start":{"line":10,"column":15},"end":{"line":10,"column":16}},"loc":{"start":{"line":10,"column":21},"end":{"line":10,"column":40}},"line":10},"1":{"name":"(anonymous_1)","decl":{"start":{"line":17,"column":12},"end":{"line":17,"column":13}},"loc":{"start":{"line":17,"column":25},"end":{"line":17,"column":50}},"line":17},"2":{"name":"(anonymous_2)","decl":{"start":{"line":24,"column":20},"end":{"line":24,"column":21}},"loc":{"start":{"line":24,"column":35},"end":{"line":24,"column":66}},"line":24},"3":{"name":"(anonymous_3)","decl":{"start":{"line":32,"column":27},"end":{"line":32,"column":28}},"loc":{"start":{"line":33,"column":2},"end":{"line":36,"column":4}},"line":33},"4":{"name":"(anonymous_4)","decl":{"start":{"line":44,"column":32},"end":{"line":44,"column":33}},"loc":{"start":{"line":45,"column":2},"end":{"line":51,"column":3}},"line":45},"5":{"name":"(anonymous_5)","decl":{"start":{"line":58,"column":30},"end":{"line":58,"column":31}},"loc":{"start":{"line":59,"column":2},"end":{"line":61,"column":4}},"line":59}},"branchMap":{},"s":{"0":2,"1":2,"2":2,"3":0,"4":2,"5":0,"6":2,"7":0,"8":2,"9":0,"10":2,"11":0,"12":2,"13":0,"14":2},"f":{"0":0,"1":0,"2":0,"3":0,"4":0,"5":0},"b":{},"_coverageSchema":"1a1c01bbd47fc00a2c39e90264f33305004495a9","hash":"df3190ef73e6feca4f82707662e11565209d7386"}
,"C:\\Users\\william\\Desktop\\M2\\Event driven programming\\Project\\caudio\\server\\services\\music.js": {"path":"C:\\Users\\william\\Desktop\\M2\\Event driven programming\\Project\\caudio\\server\\services\\music.js","statementMap":{"0":{"start":{"line":1,"column":32},"end":{"line":1,"column":52}},"1":{"start":{"line":2,"column":26},"end":{"line":2,"column":46}},"2":{"start":{"line":3,"column":18},"end":{"line":3,"column":34}},"3":{"start":{"line":5,"column":18},"end":{"line":14,"column":17}},"4":{"start":{"line":6,"column":2},"end":{"line":14,"column":17}},"5":{"start":{"line":16,"column":12},"end":{"line":16,"column":42}},"6":{"start":{"line":16,"column":23},"end":{"line":16,"column":42}},"7":{"start":{"line":19,"column":20},"end":{"line":21,"column":2}},"8":{"start":{"line":19,"column":27},"end":{"line":21,"column":2}},"9":{"start":{"line":23,"column":20},"end":{"line":26,"column":1}},"10":{"start":{"line":23,"column":36},"end":{"line":26,"column":1}},"11":{"start":{"line":29,"column":13},"end":{"line":32,"column":2}},"12":{"start":{"line":29,"column":22},"end":{"line":32,"column":2}},"13":{"start":{"line":34,"column":13},"end":{"line":42,"column":3}},"14":{"start":{"line":35,"column":2},"end":{"line":42,"column":3}},"15":{"start":{"line":44,"column":15},"end":{"line":44,"column":66}},"16":{"start":{"line":44,"column":33},"end":{"line":44,"column":66}},"17":{"start":{"line":46,"column":15},"end":{"line":52,"column":3}},"18":{"start":{"line":47,"column":2},"end":{"line":52,"column":3}},"19":{"start":{"line":54,"column":17},"end":{"line":61,"column":4}},"20":{"start":{"line":55,"column":2},"end":{"line":61,"column":4}},"21":{"start":{"line":63,"column":19},"end":{"line":70,"column":4}},"22":{"start":{"line":64,"column":2},"end":{"line":70,"column":4}},"23":{"start":{"line":72,"column":17},"end":{"line":79,"column":4}},"24":{"start":{"line":73,"column":2},"end":{"line":79,"column":4}},"25":{"start":{"line":81,"column":19},"end":{"line":88,"column":4}},"26":{"start":{"line":82,"column":2},"end":{"line":88,"column":4}},"27":{"start":{"line":90,"column":20},"end":{"line":97,"column":4}},"28":{"start":{"line":91,"column":2},"end":{"line":97,"column":4}},"29":{"start":{"line":99,"column":18},"end":{"line":107,"column":3}},"30":{"start":{"line":100,"column":2},"end":{"line":107,"column":3}},"31":{"start":{"line":109,"column":21},"end":{"line":117,"column":3}},"32":{"start":{"line":110,"column":2},"end":{"line":117,"column":3}},"33":{"start":{"line":119,"column":21},"end":{"line":126,"column":4}},"34":{"start":{"line":120,"column":2},"end":{"line":126,"column":4}},"35":{"start":{"line":128,"column":0},"end":{"line":144,"column":1}}},"fnMap":{"0":{"name":"(anonymous_0)","decl":{"start":{"line":5,"column":18},"end":{"line":5,"column":19}},"loc":{"start":{"line":6,"column":2},"end":{"line":14,"column":17}},"line":6},"1":{"name":"(anonymous_1)","decl":{"start":{"line":16,"column":12},"end":{"line":16,"column":13}},"loc":{"start":{"line":16,"column":23},"end":{"line":16,"column":42}},"line":16},"2":{"name":"(anonymous_2)","decl":{"start":{"line":19,"column":20},"end":{"line":19,"column":21}},"loc":{"start":{"line":19,"column":27},"end":{"line":21,"column":2}},"line":19},"3":{"name":"(anonymous_3)","decl":{"start":{"line":23,"column":20},"end":{"line":23,"column":21}},"loc":{"start":{"line":23,"column":36},"end":{"line":26,"column":1}},"line":23},"4":{"name":"(anonymous_4)","decl":{"start":{"line":29,"column":13},"end":{"line":29,"column":14}},"loc":{"start":{"line":29,"column":22},"end":{"line":32,"column":2}},"line":29},"5":{"name":"(anonymous_5)","decl":{"start":{"line":34,"column":13},"end":{"line":34,"column":14}},"loc":{"start":{"line":35,"column":2},"end":{"line":42,"column":3}},"line":35},"6":{"name":"(anonymous_6)","decl":{"start":{"line":44,"column":15},"end":{"line":44,"column":16}},"loc":{"start":{"line":44,"column":33},"end":{"line":44,"column":66}},"line":44},"7":{"name":"(anonymous_7)","decl":{"start":{"line":46,"column":15},"end":{"line":46,"column":16}},"loc":{"start":{"line":47,"column":2},"end":{"line":52,"column":3}},"line":47},"8":{"name":"(anonymous_8)","decl":{"start":{"line":54,"column":17},"end":{"line":54,"column":18}},"loc":{"start":{"line":55,"column":2},"end":{"line":61,"column":4}},"line":55},"9":{"name":"(anonymous_9)","decl":{"start":{"line":63,"column":19},"end":{"line":63,"column":20}},"loc":{"start":{"line":64,"column":2},"end":{"line":70,"column":4}},"line":64},"10":{"name":"(anonymous_10)","decl":{"start":{"line":72,"column":17},"end":{"line":72,"column":18}},"loc":{"start":{"line":73,"column":2},"end":{"line":79,"column":4}},"line":73},"11":{"name":"(anonymous_11)","decl":{"start":{"line":81,"column":19},"end":{"line":81,"column":20}},"loc":{"start":{"line":82,"column":2},"end":{"line":88,"column":4}},"line":82},"12":{"name":"(anonymous_12)","decl":{"start":{"line":90,"column":20},"end":{"line":90,"column":21}},"loc":{"start":{"line":91,"column":2},"end":{"line":97,"column":4}},"line":91},"13":{"name":"(anonymous_13)","decl":{"start":{"line":99,"column":18},"end":{"line":99,"column":19}},"loc":{"start":{"line":100,"column":2},"end":{"line":107,"column":3}},"line":100},"14":{"name":"(anonymous_14)","decl":{"start":{"line":109,"column":21},"end":{"line":109,"column":22}},"loc":{"start":{"line":110,"column":2},"end":{"line":117,"column":3}},"line":110},"15":{"name":"(anonymous_15)","decl":{"start":{"line":119,"column":21},"end":{"line":119,"column":22}},"loc":{"start":{"line":120,"column":2},"end":{"line":126,"column":4}},"line":120}},"branchMap":{},"s":{"0":2,"1":2,"2":2,"3":2,"4":0,"5":2,"6":0,"7":2,"8":0,"9":2,"10":0,"11":2,"12":0,"13":2,"14":0,"15":2,"16":0,"17":2,"18":0,"19":2,"20":0,"21":2,"22":0,"23":2,"24":0,"25":2,"26":0,"27":2,"28":0,"29":2,"30":0,"31":2,"32":0,"33":2,"34":0,"35":2},"f":{"0":0,"1":0,"2":0,"3":0,"4":0,"5":0,"6":0,"7":0,"8":0,"9":0,"10":0,"11":0,"12":0,"13":0,"14":0,"15":0},"b":{},"_coverageSchema":"1a1c01bbd47fc00a2c39e90264f33305004495a9","hash":"56e57d660aee37a46effce8e297cfe28f846cad9"}
,"C:\\Users\\william\\Desktop\\M2\\Event driven programming\\Project\\caudio\\server\\services\\sample.js": {"path":"C:\\Users\\william\\Desktop\\M2\\Event driven programming\\Project\\caudio\\server\\services\\sample.js","statementMap":{"0":{"start":{"line":1,"column":16},"end":{"line":1,"column":43}},"1":{"start":{"line":3,"column":15},"end":{"line":3,"column":38}},"2":{"start":{"line":3,"column":21},"end":{"line":3,"column":38}},"3":{"start":{"line":4,"column":16},"end":{"line":4,"column":44}},"4":{"start":{"line":4,"column":24},"end":{"line":4,"column":44}},"5":{"start":{"line":5,"column":12},"end":{"line":5,"column":46}},"6":{"start":{"line":5,"column":24},"end":{"line":5,"column":46}},"7":{"start":{"line":7,"column":20},"end":{"line":7,"column":60}},"8":{"start":{"line":7,"column":33},"end":{"line":7,"column":60}},"9":{"start":{"line":9,"column":21},"end":{"line":12,"column":4}},"10":{"start":{"line":10,"column":2},"end":{"line":12,"column":4}},"11":{"start":{"line":13,"column":22},"end":{"line":15,"column":2}},"12":{"start":{"line":13,"column":31},"end":{"line":15,"column":2}},"13":{"start":{"line":17,"column":17},"end":{"line":19,"column":2}},"14":{"start":{"line":17,"column":26},"end":{"line":19,"column":2}},"15":{"start":{"line":20,"column":15},"end":{"line":20,"column":78}},"16":{"start":{"line":20,"column":32},"end":{"line":20,"column":78}},"17":{"start":{"line":22,"column":0},"end":{"line":22,"column":101}}},"fnMap":{"0":{"name":"(anonymous_0)","decl":{"start":{"line":3,"column":15},"end":{"line":3,"column":16}},"loc":{"start":{"line":3,"column":21},"end":{"line":3,"column":38}},"line":3},"1":{"name":"(anonymous_1)","decl":{"start":{"line":4,"column":16},"end":{"line":4,"column":17}},"loc":{"start":{"line":4,"column":24},"end":{"line":4,"column":44}},"line":4},"2":{"name":"(anonymous_2)","decl":{"start":{"line":5,"column":12},"end":{"line":5,"column":13}},"loc":{"start":{"line":5,"column":24},"end":{"line":5,"column":46}},"line":5},"3":{"name":"(anonymous_3)","decl":{"start":{"line":7,"column":20},"end":{"line":7,"column":21}},"loc":{"start":{"line":7,"column":33},"end":{"line":7,"column":60}},"line":7},"4":{"name":"(anonymous_4)","decl":{"start":{"line":9,"column":21},"end":{"line":9,"column":22}},"loc":{"start":{"line":10,"column":2},"end":{"line":12,"column":4}},"line":10},"5":{"name":"(anonymous_5)","decl":{"start":{"line":13,"column":22},"end":{"line":13,"column":23}},"loc":{"start":{"line":13,"column":31},"end":{"line":15,"column":2}},"line":13},"6":{"name":"(anonymous_6)","decl":{"start":{"line":17,"column":17},"end":{"line":17,"column":18}},"loc":{"start":{"line":17,"column":26},"end":{"line":19,"column":2}},"line":17},"7":{"name":"(anonymous_7)","decl":{"start":{"line":20,"column":15},"end":{"line":20,"column":16}},"loc":{"start":{"line":20,"column":32},"end":{"line":20,"column":78}},"line":20}},"branchMap":{},"s":{"0":2,"1":2,"2":0,"3":2,"4":0,"5":2,"6":0,"7":2,"8":0,"9":2,"10":0,"11":2,"12":0,"13":2,"14":0,"15":2,"16":0,"17":2},"f":{"0":0,"1":0,"2":0,"3":0,"4":0,"5":0,"6":0,"7":0},"b":{},"_coverageSchema":"1a1c01bbd47fc00a2c39e90264f33305004495a9","hash":"fa01c3543c2cfdc7c2c924c608462d42f8686acf"}
,"C:\\Users\\william\\Desktop\\M2\\Event driven programming\\Project\\caudio\\server\\services\\user.js": {"path":"C:\\Users\\william\\Desktop\\M2\\Event driven programming\\Project\\caudio\\server\\services\\user.js","statementMap":{"0":{"start":{"line":1,"column":14},"end":{"line":1,"column":39}},"1":{"start":{"line":2,"column":14},"end":{"line":2,"column":40}},"2":{"start":{"line":4,"column":16},"end":{"line":4,"column":44}},"3":{"start":{"line":4,"column":26},"end":{"line":4,"column":44}},"4":{"start":{"line":5,"column":20},"end":{"line":5,"column":60}},"5":{"start":{"line":5,"column":28},"end":{"line":5,"column":60}},"6":{"start":{"line":6,"column":23},"end":{"line":6,"column":76}},"7":{"start":{"line":6,"column":34},"end":{"line":6,"column":76}},"8":{"start":{"line":8,"column":22},"end":{"line":14,"column":4}},"9":{"start":{"line":9,"column":2},"end":{"line":14,"column":4}},"10":{"start":{"line":16,"column":19},"end":{"line":19,"column":4}},"11":{"start":{"line":17,"column":2},"end":{"line":19,"column":4}},"12":{"start":{"line":21,"column":25},"end":{"line":25,"column":4}},"13":{"start":{"line":22,"column":2},"end":{"line":25,"column":4}},"14":{"start":{"line":29,"column":19},"end":{"line":32,"column":1}},"15":{"start":{"line":29,"column":34},"end":{"line":32,"column":1}},"16":{"start":{"line":34,"column":0},"end":{"line":42,"column":1}}},"fnMap":{"0":{"name":"(anonymous_0)","decl":{"start":{"line":4,"column":16},"end":{"line":4,"column":17}},"loc":{"start":{"line":4,"column":26},"end":{"line":4,"column":44}},"line":4},"1":{"name":"(anonymous_1)","decl":{"start":{"line":5,"column":20},"end":{"line":5,"column":21}},"loc":{"start":{"line":5,"column":28},"end":{"line":5,"column":60}},"line":5},"2":{"name":"(anonymous_2)","decl":{"start":{"line":6,"column":23},"end":{"line":6,"column":24}},"loc":{"start":{"line":6,"column":34},"end":{"line":6,"column":76}},"line":6},"3":{"name":"(anonymous_3)","decl":{"start":{"line":8,"column":22},"end":{"line":8,"column":23}},"loc":{"start":{"line":9,"column":2},"end":{"line":14,"column":4}},"line":9},"4":{"name":"(anonymous_4)","decl":{"start":{"line":16,"column":19},"end":{"line":16,"column":20}},"loc":{"start":{"line":17,"column":2},"end":{"line":19,"column":4}},"line":17},"5":{"name":"(anonymous_5)","decl":{"start":{"line":21,"column":25},"end":{"line":21,"column":26}},"loc":{"start":{"line":22,"column":2},"end":{"line":25,"column":4}},"line":22},"6":{"name":"(anonymous_6)","decl":{"start":{"line":29,"column":19},"end":{"line":29,"column":20}},"loc":{"start":{"line":29,"column":34},"end":{"line":32,"column":1}},"line":29}},"branchMap":{},"s":{"0":2,"1":2,"2":2,"3":0,"4":2,"5":0,"6":2,"7":4,"8":2,"9":0,"10":2,"11":0,"12":2,"13":0,"14":2,"15":0,"16":2},"f":{"0":0,"1":0,"2":4,"3":0,"4":0,"5":0,"6":0},"b":{},"_coverageSchema":"1a1c01bbd47fc00a2c39e90264f33305004495a9","hash":"3975d7dd286458564f4e02ff0ecd5ad09e42805d"}
}
