TN:
SF:App.js
FNF:0
FNH:0
DA:1,2
DA:2,2
DA:3,2
DA:4,2
DA:6,2
DA:7,2
DA:8,2
DA:10,2
DA:11,2
DA:12,2
DA:14,2
DA:15,2
DA:17,2
DA:20,2
DA:22,2
LF:15
LH:15
BRF:0
BRH:0
end_of_record
TN:
SF:config.js
FNF:0
FNH:0
DA:1,2
DA:2,2
LF:2
LH:2
BRF:0
BRH:0
end_of_record
TN:
SF:db.js
FNF:0
FNH:0
DA:1,2
DA:3,2
DA:4,2
DA:14,2
LF:4
LH:4
BRF:0
BRH:0
end_of_record
TN:
SF:test.config.js
FNF:0
FNH:0
DA:1,2
DA:2,2
DA:3,2
DA:4,2
DA:6,2
DA:14,2
LF:6
LH:6
BRF:0
BRH:0
end_of_record
TN:
SF:controllers\auth.js
FN:18,login
FN:25,(anonymous_1)
FN:31,(anonymous_2)
FN:46,register
FN:52,(anonymous_4)
FN:75,(anonymous_5)
FN:76,(anonymous_6)
FN:80,(anonymous_7)
FNF:8
FNH:4
FNDA:6,login
FNDA:0,(anonymous_1)
FNDA:3,(anonymous_2)
FNDA:5,register
FNDA:0,(anonymous_4)
FNDA:0,(anonymous_5)
FNDA:0,(anonymous_6)
FNDA:4,(anonymous_7)
DA:1,2
DA:2,2
DA:3,2
DA:5,2
DA:6,2
DA:7,2
DA:9,2
DA:19,6
DA:21,6
DA:22,3
DA:23,3
DA:26,0
DA:32,3
DA:47,5
DA:48,5
DA:49,1
DA:50,4
DA:53,0
DA:54,0
DA:61,0
DA:62,0
DA:69,0
DA:73,0
DA:75,0
DA:77,0
DA:81,4
DA:88,2
LF:27
LH:18
BRDA:21,0,0,3
BRDA:21,0,1,3
BRDA:21,1,0,6
BRDA:21,1,1,6
BRDA:21,1,2,3
BRDA:48,2,0,1
BRDA:48,2,1,4
BRDA:48,3,0,5
BRDA:48,3,1,5
BRDA:48,3,2,4
BRDA:53,4,0,0
BRDA:53,4,1,0
BRDA:61,5,0,0
BRDA:61,5,1,0
BRF:14
BRH:10
end_of_record
TN:
SF:controllers\library.js
FN:11,getLibraries
FN:14,(anonymous_1)
FN:15,(anonymous_2)
FN:25,addLibrary
FN:31,(anonymous_4)
FN:32,(anonymous_5)
FNF:6
FNH:0
FNDA:0,getLibraries
FNDA:0,(anonymous_1)
FNDA:0,(anonymous_2)
FNDA:0,addLibrary
FNDA:0,(anonymous_4)
FNDA:0,(anonymous_5)
DA:1,2
DA:2,2
DA:12,0
DA:14,0
DA:15,0
DA:26,0
DA:31,0
DA:32,0
DA:34,2
LF:9
LH:3
BRF:0
BRH:0
end_of_record
TN:
SF:controllers\music.js
FN:18,createMusic
FN:59,(anonymous_1)
FN:63,(anonymous_2)
FN:76,deleteMusic
FN:79,(anonymous_4)
FN:86,(anonymous_5)
FN:96,updateMusic
FN:108,(anonymous_7)
FN:109,(anonymous_8)
FN:134,like
FN:143,(anonymous_10)
FN:146,(anonymous_11)
FN:149,(anonymous_12)
FN:150,(anonymous_13)
FN:160,fork
FN:169,(anonymous_15)
FN:172,(anonymous_16)
FN:175,(anonymous_17)
FN:176,(anonymous_18)
FN:186,listen
FN:189,(anonymous_20)
FN:195,(anonymous_21)
FN:205,mostLike
FN:210,(anonymous_23)
FN:214,(anonymous_24)
FN:224,mostRecent
FN:229,(anonymous_26)
FN:233,(anonymous_27)
FN:243,mostFork
FN:248,(anonymous_29)
FN:252,(anonymous_30)
FN:262,mostListen
FN:267,(anonymous_32)
FN:271,(anonymous_33)
FN:281,searchTitle
FN:285,(anonymous_35)
FN:286,(anonymous_36)
FN:290,(anonymous_37)
FN:300,getFullMusic
FN:309,(anonymous_39)
FN:314,(anonymous_40)
FN:315,(anonymous_41)
FN:316,(anonymous_42)
FN:321,(anonymous_43)
FN:323,(anonymous_44)
FN:333,getMusicContent
FN:342,(anonymous_46)
FN:349,(anonymous_47)
FN:350,(anonymous_48)
FN:354,(anonymous_49)
FN:355,(anonymous_50)
FN:360,(anonymous_51)
FN:362,(anonymous_52)
FN:373,getListOfMusic
FNF:54
FNH:0
FNDA:0,createMusic
FNDA:0,(anonymous_1)
FNDA:0,(anonymous_2)
FNDA:0,deleteMusic
FNDA:0,(anonymous_4)
FNDA:0,(anonymous_5)
FNDA:0,updateMusic
FNDA:0,(anonymous_7)
FNDA:0,(anonymous_8)
FNDA:0,like
FNDA:0,(anonymous_10)
FNDA:0,(anonymous_11)
FNDA:0,(anonymous_12)
FNDA:0,(anonymous_13)
FNDA:0,fork
FNDA:0,(anonymous_15)
FNDA:0,(anonymous_16)
FNDA:0,(anonymous_17)
FNDA:0,(anonymous_18)
FNDA:0,listen
FNDA:0,(anonymous_20)
FNDA:0,(anonymous_21)
FNDA:0,mostLike
FNDA:0,(anonymous_23)
FNDA:0,(anonymous_24)
FNDA:0,mostRecent
FNDA:0,(anonymous_26)
FNDA:0,(anonymous_27)
FNDA:0,mostFork
FNDA:0,(anonymous_29)
FNDA:0,(anonymous_30)
FNDA:0,mostListen
FNDA:0,(anonymous_32)
FNDA:0,(anonymous_33)
FNDA:0,searchTitle
FNDA:0,(anonymous_35)
FNDA:0,(anonymous_36)
FNDA:0,(anonymous_37)
FNDA:0,getFullMusic
FNDA:0,(anonymous_39)
FNDA:0,(anonymous_40)
FNDA:0,(anonymous_41)
FNDA:0,(anonymous_42)
FNDA:0,(anonymous_43)
FNDA:0,(anonymous_44)
FNDA:0,getMusicContent
FNDA:0,(anonymous_46)
FNDA:0,(anonymous_47)
FNDA:0,(anonymous_48)
FNDA:0,(anonymous_49)
FNDA:0,(anonymous_50)
FNDA:0,(anonymous_51)
FNDA:0,(anonymous_52)
FNDA:0,getListOfMusic
DA:1,2
DA:2,2
DA:3,2
DA:4,2
DA:9,2
DA:30,0
DA:32,0
DA:34,0
DA:49,0
DA:50,0
DA:51,0
DA:56,0
DA:57,0
DA:59,0
DA:60,0
DA:62,0
DA:63,0
DA:65,0
DA:77,0
DA:78,0
DA:79,0
DA:80,0
DA:82,0
DA:86,0
DA:97,0
DA:107,0
DA:108,0
DA:110,0
DA:111,0
DA:135,0
DA:141,0
DA:144,0
DA:146,0
DA:147,0
DA:149,0
DA:150,0
DA:161,0
DA:167,0
DA:170,0
DA:172,0
DA:173,0
DA:175,0
DA:176,0
DA:187,0
DA:190,0
DA:191,0
DA:193,0
DA:195,0
DA:206,0
DA:207,0
DA:208,0
DA:211,0
DA:212,0
DA:214,0
DA:225,0
DA:226,0
DA:227,0
DA:230,0
DA:231,0
DA:233,0
DA:244,0
DA:245,0
DA:246,0
DA:249,0
DA:250,0
DA:252,0
DA:263,0
DA:264,0
DA:265,0
DA:268,0
DA:269,0
DA:271,0
DA:282,0
DA:283,0
DA:285,0
DA:286,0
DA:288,0
DA:290,0
DA:301,0
DA:305,0
DA:310,0
DA:311,0
DA:313,0
DA:314,0
DA:316,0
DA:317,0
DA:319,0
DA:321,0
DA:323,0
DA:334,0
DA:338,0
DA:343,0
DA:344,0
DA:346,0
DA:347,0
DA:349,0
DA:351,0
DA:355,0
DA:356,0
DA:358,0
DA:360,0
DA:362,0
DA:374,0
DA:375,0
DA:398,0
DA:399,0
DA:400,0
DA:401,0
DA:405,0
DA:406,0
DA:413,2
LF:111
LH:6
BRDA:144,0,0,0
BRDA:144,0,1,0
BRDA:170,1,0,0
BRDA:170,1,1,0
BRDA:190,2,0,0
BRDA:190,2,1,0
BRDA:310,3,0,0
BRDA:310,3,1,0
BRDA:343,4,0,0
BRDA:343,4,1,0
BRDA:375,5,0,0
BRDA:375,5,1,0
BRDA:375,6,0,0
BRDA:375,6,1,0
BRDA:400,7,0,0
BRDA:400,7,1,0
BRDA:400,8,0,0
BRDA:400,8,1,0
BRF:18
BRH:0
end_of_record
TN:
SF:controllers\sample.js
FN:10,getSamples
FN:13,(anonymous_1)
FN:14,(anonymous_2)
FN:24,getSample
FN:27,(anonymous_4)
FN:28,(anonymous_5)
FN:38,addSample
FN:44,(anonymous_7)
FN:45,(anonymous_8)
FNF:9
FNH:0
FNDA:0,getSamples
FNDA:0,(anonymous_1)
FNDA:0,(anonymous_2)
FNDA:0,getSample
FNDA:0,(anonymous_4)
FNDA:0,(anonymous_5)
FNDA:0,addSample
FNDA:0,(anonymous_7)
FNDA:0,(anonymous_8)
DA:1,2
DA:11,0
DA:13,0
DA:14,0
DA:25,0
DA:27,0
DA:28,0
DA:39,0
DA:44,0
DA:45,0
DA:51,2
LF:11
LH:2
BRF:0
BRH:0
end_of_record
TN:
SF:controllers\user.js
FN:13,getUser
FN:14,(anonymous_1)
FN:33,getUserMusicIDs
FN:39,(anonymous_3)
FN:40,(anonymous_4)
FN:44,(anonymous_5)
FN:54,deleteUser
FN:57,(anonymous_7)
FN:60,(anonymous_8)
FN:61,(anonymous_9)
FN:71,updateUser
FN:79,(anonymous_11)
FN:80,(anonymous_12)
FNF:13
FNH:0
FNDA:0,getUser
FNDA:0,(anonymous_1)
FNDA:0,getUserMusicIDs
FNDA:0,(anonymous_3)
FNDA:0,(anonymous_4)
FNDA:0,(anonymous_5)
FNDA:0,deleteUser
FNDA:0,(anonymous_7)
FNDA:0,(anonymous_8)
FNDA:0,(anonymous_9)
FNDA:0,updateUser
FNDA:0,(anonymous_11)
FNDA:0,(anonymous_12)
DA:1,2
DA:5,2
DA:14,0
DA:16,0
DA:17,0
DA:19,0
DA:34,0
DA:35,0
DA:36,0
DA:37,0
DA:40,0
DA:41,0
DA:42,0
DA:44,0
DA:55,0
DA:58,0
DA:60,0
DA:61,0
DA:72,0
DA:77,0
DA:79,0
DA:80,0
DA:86,2
LF:23
LH:3
BRDA:16,0,0,0
BRDA:16,0,1,0
BRDA:36,1,0,0
BRDA:36,1,1,0
BRF:4
BRH:0
end_of_record
TN:
SF:middlewares\auth.js
FN:11,(anonymous_0)
FN:20,(anonymous_1)
FNF:2
FNH:2
FNDA:6,(anonymous_0)
FNDA:2,(anonymous_1)
DA:1,2
DA:2,2
DA:11,2
DA:12,6
DA:14,6
DA:15,4
DA:17,2
DA:18,2
DA:20,2
DA:21,2
DA:22,2
DA:25,0
DA:29,0
DA:36,2
LF:14
LH:12
BRDA:14,0,0,4
BRDA:14,0,1,2
BRDA:21,1,0,2
BRDA:21,1,1,0
BRF:4
BRH:3
end_of_record
TN:
SF:middlewares\errorClass.js
FN:6,(anonymous_0)
FN:14,(anonymous_1)
FNF:2
FNH:2
FNDA:8,(anonymous_0)
FNDA:8,(anonymous_1)
DA:7,8
DA:8,8
DA:9,8
DA:11,8
DA:15,8
DA:16,4
DA:17,4
DA:18,4
DA:19,0
DA:20,0
DA:22,4
DA:41,2
LF:12
LH:10
BRDA:15,0,0,4
BRDA:15,0,1,4
BRDA:18,1,0,0
BRDA:18,1,1,4
BRF:4
BRH:3
end_of_record
TN:
SF:middlewares\errorMiddleware.js
FN:12,(anonymous_0)
FN:31,(anonymous_1)
FN:32,(anonymous_2)
FNF:3
FNH:1
FNDA:8,(anonymous_0)
FNDA:0,(anonymous_1)
FNDA:0,(anonymous_2)
DA:1,2
DA:12,2
DA:13,8
DA:14,8
DA:20,0
DA:31,2
DA:32,0
LF:7
LH:5
BRDA:13,0,0,8
BRDA:13,0,1,0
BRF:2
BRH:1
end_of_record
TN:
SF:middlewares\pagination.js
FN:10,(anonymous_0)
FN:25,(anonymous_1)
FNF:2
FNH:0
FNDA:0,(anonymous_0)
FNDA:0,(anonymous_1)
DA:1,2
DA:10,2
DA:11,0
DA:12,0
DA:14,0
DA:25,2
DA:26,0
DA:27,0
DA:28,0
DA:30,0
DA:36,2
LF:11
LH:4
BRDA:11,0,0,0
BRDA:11,0,1,0
BRDA:12,1,0,0
BRDA:12,1,1,0
BRDA:27,2,0,0
BRDA:27,2,1,0
BRF:6
BRH:0
end_of_record
TN:
SF:models\index.js
FN:55,(anonymous_0)
FNF:1
FNH:0
FNDA:0,(anonymous_0)
DA:1,2
DA:2,2
DA:7,2
DA:16,2
DA:33,2
DA:38,2
DA:40,2
DA:44,2
DA:46,2
DA:47,2
DA:48,2
DA:50,2
DA:51,2
DA:54,2
DA:56,0
DA:62,2
LF:16
LH:15
BRF:0
BRH:0
end_of_record
TN:
SF:routes\auth.js
FNF:0
FNH:0
DA:1,2
DA:2,2
DA:4,2
DA:5,2
DA:6,2
DA:8,2
LF:6
LH:6
BRF:0
BRH:0
end_of_record
TN:
SF:routes\library.js
FNF:0
FNH:0
DA:1,2
DA:2,2
DA:3,2
DA:5,2
DA:6,2
DA:11,2
DA:13,2
LF:7
LH:7
BRF:0
BRH:0
end_of_record
TN:
SF:routes\music.js
FNF:0
FNH:0
DA:1,2
DA:2,2
DA:3,2
DA:5,2
DA:7,2
DA:8,2
DA:9,2
DA:10,2
DA:13,2
DA:14,2
DA:15,2
DA:16,2
DA:17,2
DA:18,2
DA:19,2
DA:20,2
DA:22,2
DA:28,2
DA:37,2
LF:19
LH:19
BRF:0
BRH:0
end_of_record
TN:
SF:routes\routes.js
FN:14,(anonymous_0)
FNF:1
FNH:0
FNDA:0,(anonymous_0)
DA:1,2
DA:2,2
DA:3,2
DA:4,2
DA:5,2
DA:6,2
DA:8,2
DA:9,2
DA:10,2
DA:11,2
DA:12,2
DA:13,2
DA:14,2
DA:16,2
LF:14
LH:14
BRF:0
BRH:0
end_of_record
TN:
SF:routes\sample.js
FNF:0
FNH:0
DA:1,2
DA:2,2
DA:3,2
DA:5,2
DA:6,2
DA:7,2
DA:8,2
DA:10,2
LF:8
LH:8
BRF:0
BRH:0
end_of_record
TN:
SF:routes\user.js
FNF:0
FNH:0
DA:1,2
DA:2,2
DA:3,2
DA:5,2
DA:6,2
DA:7,2
DA:12,2
DA:17,2
DA:23,2
LF:9
LH:9
BRF:0
BRH:0
end_of_record
TN:
SF:services\auth.js
FN:12,(anonymous_0)
FN:19,(anonymous_1)
FNF:2
FNH:1
FNDA:3,(anonymous_0)
FNDA:0,(anonymous_1)
DA:1,2
DA:2,2
DA:3,2
DA:4,2
DA:12,2
DA:14,3
DA:20,0
DA:22,0
DA:26,0
DA:27,0
DA:28,0
DA:33,0
DA:36,0
DA:43,2
LF:14
LH:7
BRDA:20,0,0,0
BRDA:20,0,1,0
BRDA:23,1,0,0
BRDA:23,1,1,0
BRDA:26,2,0,0
BRDA:26,2,1,0
BRF:6
BRH:0
end_of_record
TN:
SF:services\library.js
FN:10,(anonymous_0)
FN:17,(anonymous_1)
FN:24,(anonymous_2)
FN:32,(anonymous_3)
FN:44,(anonymous_4)
FN:58,(anonymous_5)
FNF:6
FNH:0
FNDA:0,(anonymous_0)
FNDA:0,(anonymous_1)
FNDA:0,(anonymous_2)
FNDA:0,(anonymous_3)
FNDA:0,(anonymous_4)
FNDA:0,(anonymous_5)
DA:1,2
DA:2,2
DA:10,2
DA:17,2
DA:24,2
DA:32,2
DA:33,0
DA:44,2
DA:45,0
DA:58,2
DA:59,0
DA:66,2
LF:12
LH:9
BRF:0
BRH:0
end_of_record
TN:
SF:services\music.js
FN:5,(anonymous_0)
FN:16,(anonymous_1)
FN:19,(anonymous_2)
FN:23,(anonymous_3)
FN:29,(anonymous_4)
FN:34,(anonymous_5)
FN:44,(anonymous_6)
FN:46,(anonymous_7)
FN:54,(anonymous_8)
FN:63,(anonymous_9)
FN:72,(anonymous_10)
FN:81,(anonymous_11)
FN:90,(anonymous_12)
FN:99,(anonymous_13)
FN:109,(anonymous_14)
FN:119,(anonymous_15)
FNF:16
FNH:0
FNDA:0,(anonymous_0)
FNDA:0,(anonymous_1)
FNDA:0,(anonymous_2)
FNDA:0,(anonymous_3)
FNDA:0,(anonymous_4)
FNDA:0,(anonymous_5)
FNDA:0,(anonymous_6)
FNDA:0,(anonymous_7)
FNDA:0,(anonymous_8)
FNDA:0,(anonymous_9)
FNDA:0,(anonymous_10)
FNDA:0,(anonymous_11)
FNDA:0,(anonymous_12)
FNDA:0,(anonymous_13)
FNDA:0,(anonymous_14)
FNDA:0,(anonymous_15)
DA:1,2
DA:2,2
DA:3,2
DA:5,2
DA:6,0
DA:16,2
DA:19,2
DA:23,2
DA:29,2
DA:34,2
DA:35,0
DA:44,2
DA:46,2
DA:47,0
DA:54,2
DA:55,0
DA:63,2
DA:64,0
DA:72,2
DA:73,0
DA:81,2
DA:82,0
DA:90,2
DA:91,0
DA:99,2
DA:100,0
DA:109,2
DA:110,0
DA:119,2
DA:120,0
DA:128,2
LF:31
LH:20
BRF:0
BRH:0
end_of_record
TN:
SF:services\sample.js
FN:3,(anonymous_0)
FN:4,(anonymous_1)
FN:5,(anonymous_2)
FN:7,(anonymous_3)
FN:9,(anonymous_4)
FN:13,(anonymous_5)
FN:17,(anonymous_6)
FN:20,(anonymous_7)
FNF:8
FNH:0
FNDA:0,(anonymous_0)
FNDA:0,(anonymous_1)
FNDA:0,(anonymous_2)
FNDA:0,(anonymous_3)
FNDA:0,(anonymous_4)
FNDA:0,(anonymous_5)
FNDA:0,(anonymous_6)
FNDA:0,(anonymous_7)
DA:1,2
DA:3,2
DA:4,2
DA:5,2
DA:7,2
DA:9,2
DA:10,0
DA:13,2
DA:17,2
DA:20,2
DA:22,2
LF:11
LH:10
BRF:0
BRH:0
end_of_record
TN:
SF:services\user.js
FN:4,(anonymous_0)
FN:5,(anonymous_1)
FN:6,(anonymous_2)
FN:8,(anonymous_3)
FN:16,(anonymous_4)
FN:21,(anonymous_5)
FN:29,(anonymous_6)
FNF:7
FNH:1
FNDA:0,(anonymous_0)
FNDA:0,(anonymous_1)
FNDA:4,(anonymous_2)
FNDA:0,(anonymous_3)
FNDA:0,(anonymous_4)
FNDA:0,(anonymous_5)
FNDA:0,(anonymous_6)
DA:1,2
DA:2,2
DA:4,2
DA:5,2
DA:6,4
DA:8,2
DA:9,0
DA:16,2
DA:17,0
DA:21,2
DA:22,0
DA:29,2
DA:34,2
LF:13
LH:10
BRF:0
BRH:0
end_of_record
